<?xml version="1.0" encoding="utf-8"?><testsuites name="pytest tests"><testsuite name="pytest" errors="0" failures="0" skipped="0" tests="45" time="2.423" timestamp="2026-07-23T06:29:46.411594+02:00" hostname="IgorC"><testcase classname="tests.unit.test_workflow_authority" name="test_workflow_state_machine_requires_every_ordered_stage" time="0.002" /><testcase classname="tests.unit.test_workflow_authority" name="test_incomplete_state_requires_reason_and_checkpoint_to_resume" time="0.001" /><testcase classname="tests.unit.test_workflow_authority" name="test_failed_state_is_terminal" time="0.001" /><testcase classname="tests.unit.test_workflow_authority" name="test_board_identity_change_invalidates_every_downstream_identity" time="0.001" /><testcase classname="tests.unit.test_workflow_authority" name="test_stale_downstream_identity_is_rejected_if_caller_bypasses_invalidation" time="0.001" /><testcase classname="tests.unit.test_workflow_authority" name="test_project_context_requires_every_category_exactly_once" time="0.001" /><testcase classname="tests.unit.test_workflow_authority" name="test_unresolved_context_prevents_rule_authorization" time="0.001" /><testcase classname="tests.unit.test_workflow_authority" name="test_external_provider_unavailability_never_authorizes_a_substitute" time="0.001" /><testcase classname="tests.unit.test_workflow_authority" name="test_human_decision_and_board_trigger_are_explicit" time="0.001" /><testcase classname="tests.unit.test_workflow_authority" name="test_registry_rejects_duplicate_active_semantic_authority" time="0.001" /><testcase classname="tests.unit.test_workflow_authority" name="test_deprecated_one_off_authority_cannot_satisfy_current_workflow" time="0.001" /><testcase classname="tests.unit.test_workflow_authority" name="test_capability_map_covers_phases_1_through_15_and_registered_authorities" time="0.001" /><testcase classname="tests.unit.test_workflow_authority" name="test_capability_and_registry_fingerprints_reject_tampering" time="0.002" /><testcase classname="tests.unit.test_workflow_authority" name="test_legacy_adapters_cannot_claim_unemitted_contract_identities" time="0.000" /><testcase classname="tests.unit.test_workflow_conformance" name="test_exact_artifact_and_material_properties_are_required" time="0.000" /><testcase classname="tests.unit.test_workflow_conformance" name="test_renamed_wrong_camera_population_and_stale_board_cannot_pass" time="0.000" /><testcase classname="tests.unit.test_workflow_conformance" name="test_d0_addition_never_fills_a_missing_baseline_requirement" time="0.000" /><testcase classname="tests.unit.test_workflow_conformance" name="test_d2_substitution_requires_matching_scope_and_retained_approval" time="0.001" /><testcase classname="tests.unit.test_workflow_conformance" name="test_expired_or_ai_approved_safety_waiver_is_rejected" time="0.000" /><testcase classname="tests.unit.test_workflow_conformance" name="test_valid_ordinary_d3_waiver_is_visible_in_disposition" time="0.001" /><testcase classname="tests.unit.test_project_brief" name="test_normalization_is_repeatable_and_ready_only_when_resolved" time="0.001" /><testcase classname="tests.unit.test_project_brief" name="test_normalization_fails_closed_for_unknown_asset_reference" time="0.000" /><testcase classname="tests.unit.test_project_engineering_gate" name="test_gate_derives_applicability_consumes_real_result_and_can_be_ready" time="0.048" /><testcase classname="tests.unit.test_project_engineering_gate" name="test_applicable_result_cannot_be_silently_omitted_or_bound_to_another_board" time="0.068" /><testcase classname="tests.unit.test_project_engineering_gate" name="test_result_without_reviewed_feature_and_incomplete_inventory_fail_closed" time="0.070" /><testcase classname="tests.unit.test_project_engineering_gate" name="test_retrieved_but_uninstalled_cad_asset_remains_unverified" time="0.050" /><testcase classname="tests.unit.test_project_engineering_gate" name="test_unrevisioned_exact_part_document_remains_unverified" time="0.048" /><testcase classname="tests.unit.test_project_engineering_gate" name="test_context_and_gate_result_reject_tampering" time="0.059" /><testcase classname="tests.unit.test_project_engineering_gate" name="test_project_gate_cli_writes_the_replay_bound_completion_artifact" time="0.107" /><testcase classname="tests.unit.test_execution" name="test_orchestrator_reuses_gates_and_checkpoints_only_after_completion" time="0.019" /><testcase classname="tests.unit.test_execution" name="test_quick_profile_fail_fast_records_unexecuted_required_gate" time="0.003" /><testcase classname="tests.unit.test_execution" name="test_optional_failure_is_attention_required" time="0.004" /><testcase classname="tests.unit.test_execution" name="test_work_budget_has_typed_expansion_and_pass_termination" time="0.000" /><testcase classname="tests.unit.test_execution" name="test_profile_timeout_escalation_is_explicit_and_validated" time="0.000" /><testcase classname="tests.unit.test_execution" name="test_standard_gate_matrix_uses_existing_tools_and_profile_scopes" time="0.000" /><testcase classname="tests.unit.core.test_geom" name="test_point_from_mm_round_trips_to_nm" time="0.000" /><testcase classname="tests.unit.core.test_geom" name="test_mm_nm_rounding_policy" time="0.000" /><testcase classname="tests.unit.core.test_geom" name="test_point_add_sub_inverse" time="1.103" /><testcase classname="tests.unit.core.test_geom" name="test_snap_is_idempotent" time="0.049" /><testcase classname="tests.unit.core.test_geom" name="test_snap_half_grid_positive_rounds_away_from_zero" time="0.000" /><testcase classname="tests.unit.core.test_geom" name="test_snap_half_grid_negative_rounds_away_from_zero" time="0.001" /><testcase classname="tests.unit.core.test_geom" name="test_snap_negative_values_round_to_nearest_grid" time="0.000" /><testcase classname="tests.unit.core.test_geom" name="test_snap_rejects_non_positive_grid" time="0.000" /><testcase classname="tests.unit.core.test_geom" name="test_box_contains_closed_edges" time="0.001" /><testcase classname="tests.unit.core.test_geom" name="test_box_intersection_counts_touching_edges" time="0.000" /></testsuite></testsuites>