<?xml version="1.0" encoding="utf-8"?><testsuites name="pytest tests"><testsuite name="pytest" errors="0" failures="0" skipped="17" tests="2763" time="788.832" timestamp="2026-07-23T06:31:03.749645+02:00" hostname="IgorC"><testcase classname="tests.golden.test_r2_negotiated_kicad" name="test_negotiated_board_serialization_is_deterministic_and_readable" time="0.412" /><testcase classname="tests.golden.test_r2_negotiated_kicad" name="test_negotiated_board_passes_live_kicad_drc" time="0.006"><skipped type="pytest.skip" message="set PCBSMITH_R2_KICAD_GOLDEN=1 to run the live R2 KiCad DRC gate">D:\AI\PCB designer\tests\golden\test_r2_negotiated_kicad.py:142: set PCBSMITH_R2_KICAD_GOLDEN=1 to run the live R2 KiCad DRC gate</skipped></testcase><testcase classname="tests.golden.test_regenerate_all" name="test_topology_regenerates_clean[divider]" time="0.001"><skipped type="pytest.skip" message="golden regeneration is gated by PCBSMITH_GOLDEN=1 and needs kicad-cli and ngspice">D:\AI\PCB designer\tests\golden\test_regenerate_all.py:108: golden regeneration is gated by PCBSMITH_GOLDEN=1 and needs kicad-cli and ngspice</skipped></testcase><testcase classname="tests.golden.test_regenerate_all" name="test_topology_regenerates_clean[buck]" time="0.001"><skipped type="pytest.skip" message="golden regeneration is gated by PCBSMITH_GOLDEN=1 and needs kicad-cli and ngspice">D:\AI\PCB designer\tests\golden\test_regenerate_all.py:108: golden regeneration is gated by PCBSMITH_GOLDEN=1 and needs kicad-cli and ngspice</skipped></testcase><testcase classname="tests.golden.test_regenerate_all" name="test_topology_regenerates_clean[led-art]" time="0.001"><skipped type="pytest.skip" message="golden regeneration is gated by PCBSMITH_GOLDEN=1 and needs kicad-cli and ngspice">D:\AI\PCB designer\tests\golden\test_regenerate_all.py:108: golden regeneration is gated by PCBSMITH_GOLDEN=1 and needs kicad-cli and ngspice</skipped></testcase><testcase classname="tests.golden.test_regenerate_all" name="test_topology_regenerates_clean[mpu6050]" time="0.000"><skipped type="pytest.skip" message="golden regeneration is gated by PCBSMITH_GOLDEN=1 and needs kicad-cli and ngspice">D:\AI\PCB designer\tests\golden\test_regenerate_all.py:108: golden regeneration is gated by PCBSMITH_GOLDEN=1 and needs kicad-cli and ngspice</skipped></testcase><testcase classname="tests.golden.test_regenerate_all" name="test_topology_regenerates_clean[clover]" time="0.001"><skipped type="pytest.skip" message="golden regeneration is gated by PCBSMITH_GOLDEN=1 and needs kicad-cli and ngspice">D:\AI\PCB designer\tests\golden\test_regenerate_all.py:108: golden regeneration is gated by PCBSMITH_GOLDEN=1 and needs kicad-cli and ngspice</skipped></testcase><testcase classname="tests.golden.test_regenerate_all" name="test_topology_regenerates_clean[pear]" time="0.001"><skipped type="pytest.skip" message="golden regeneration is gated by PCBSMITH_GOLDEN=1 and needs kicad-cli and ngspice">D:\AI\PCB designer\tests\golden\test_regenerate_all.py:108: golden regeneration is gated by PCBSMITH_GOLDEN=1 and needs kicad-cli and ngspice</skipped></testcase><testcase classname="tests.golden.test_regenerate_all" name="test_topology_regenerates_clean[detector]" time="0.001"><skipped type="pytest.skip" message="golden regeneration is gated by PCBSMITH_GOLDEN=1 and needs kicad-cli and ngspice">D:\AI\PCB designer\tests\golden\test_regenerate_all.py:108: golden regeneration is gated by PCBSMITH_GOLDEN=1 and needs kicad-cli and ngspice</skipped></testcase><testcase classname="tests.golden.test_regenerate_all" name="test_topology_regenerates_clean[flyback]" time="0.000"><skipped type="pytest.skip" message="golden regeneration is gated by PCBSMITH_GOLDEN=1 and needs kicad-cli and ngspice">D:\AI\PCB designer\tests\golden\test_regenerate_all.py:108: golden regeneration is gated by PCBSMITH_GOLDEN=1 and needs kicad-cli and ngspice</skipped></testcase><testcase classname="tests.golden.test_regenerate_all" name="test_topology_regenerates_clean[servo555]" time="0.000"><skipped type="pytest.skip" message="golden regeneration is gated by PCBSMITH_GOLDEN=1 and needs kicad-cli and ngspice">D:\AI\PCB designer\tests\golden\test_regenerate_all.py:108: golden regeneration is gated by PCBSMITH_GOLDEN=1 and needs kicad-cli and ngspice</skipped></testcase><testcase classname="tests.integration.test_cli" name="test_info_prints_project_summary" time="0.796" /><testcase classname="tests.integration.test_cli" name="test_netlist_prints_first_schematic_nets" time="0.695" /><testcase classname="tests.integration.test_cli" name="test_new_creates_project_files" time="0.668" /><testcase classname="tests.integration.test_cli" name="test_new_refuses_to_overwrite_existing_directory" time="1.038" /><testcase classname="tests.integration.test_cli" name="test_new_refuses_to_overwrite_existing_project_file" time="0.776" /><testcase classname="tests.integration.test_cli" name="test_validate_loads_referenced_design_files" time="0.785" /><testcase classname="tests.integration.test_cli" name="test_missing_project_returns_cli_error" time="0.688" /><testcase classname="tests.integration.test_divider_highpass_led_authority_cli" name="test_authority_cli_writes_kicad_and_authority_bundle" time="28.182" /><testcase classname="tests.integration.test_divider_highpass_led_authority_cli" name="test_authority_cli_truthfully_marks_pcbs_fallback_when_kicad_spice_fails" time="13.160" /><testcase classname="tests.integration.test_divider_highpass_led_authority_cli" name="test_authority_cli_does_not_overstate_selected_kicad_netlist_when_ngspice_unavailable" time="0.518" /><testcase classname="tests.integration.test_divider_highpass_led_authority_cli" name="test_authority_cli_routes_simulation_warning_to_revision" time="0.370" /><testcase classname="tests.integration.test_divider_highpass_led_authority_cli" name="test_authority_cli_uses_cached_evidence_manifest" time="13.345" /><testcase classname="tests.integration.test_divider_highpass_led_cli" name="test_design_divider_highpass_led_writes_review_bundle" time="0.566" /><testcase classname="tests.integration.test_nexar_smoke_cli" name="test_nexar_smoke_skips_when_credentials_are_absent" time="0.007" /><testcase classname="tests.unit.ai.test_topology_forge" name="test_good_spec_verifies_clean" time="0.001" /><testcase classname="tests.unit.ai.test_topology_forge" name="test_verifier_localizes_errors" time="0.001" /><testcase classname="tests.unit.ai.test_topology_forge" name="test_forge_converges_on_feedback" time="0.001" /><testcase classname="tests.unit.ai.test_topology_forge" name="test_forge_rejects_garbage" time="0.000" /><testcase classname="tests.unit.ai.test_topology_forge" name="test_extract_json_finds_fenced_and_bare" time="0.001" /><testcase classname="tests.unit.calculators.test_electronics" name="test_lm2596_buck_12v_to_5v_reference_design_values" time="0.001" /><testcase classname="tests.unit.calculators.test_electronics" name="test_lm2596_buck_rejects_insufficient_input_headroom" time="0.001" /><testcase classname="tests.unit.calculators.test_electronics" name="test_lm2596_buck_rejects_invalid_ripple_ratio" time="0.001" /><testcase classname="tests.unit.calculators.test_electronics" name="test_led_series_string_selects_e24_resistor" time="0.001" /><testcase classname="tests.unit.calculators.test_electronics" name="test_led_series_string_rejects_overlong_string" time="0.001" /><testcase classname="tests.unit.calculators.test_electronics" name="test_led_series_string_warns_on_resistor_power" time="0.000" /><testcase classname="tests.unit.calculators.test_electronics" name="test_offline_flyback_design_point_matches_hand_calculation" time="0.001" /><testcase classname="tests.unit.calculators.test_electronics" name="test_offline_flyback_warns_on_hot_clamp_resistor" time="0.001" /><testcase classname="tests.unit.calculators.test_electronics" name="test_555_servo_tester_matches_datasheet_hand_calculation" time="0.001" /><testcase classname="tests.unit.calculators.test_electronics" name="test_555_servo_tester_rejects_out_of_range_supply" time="0.000" /><testcase classname="tests.unit.calculators.test_passive" name="test_voltage_divider_calculates_output_and_current" time="0.001" /><testcase classname="tests.unit.calculators.test_passive" name="test_rc_highpass_cutoff_uses_standard_formula" time="0.001" /><testcase classname="tests.unit.calculators.test_passive" name="test_led_current_limit_calculates_current_and_power" time="0.001" /><testcase classname="tests.unit.calculators.test_passive" name="test_led_current_limit_rejects_forward_voltage_above_supply" time="0.001" /><testcase classname="tests.unit.calculators.test_spiral_inductor" name="test_spiral_inductor_matches_the_current_sheet_formula" time="0.001" /><testcase classname="tests.unit.calculators.test_spiral_inductor" name="test_spiral_inductor_rejects_overrun_turns" time="0.001" /><testcase classname="tests.unit.calculators.test_spiral_inductor" name="test_colpitts_frequency_and_bias" time="0.001" /><testcase classname="tests.unit.calculators.test_spiral_inductor" name="test_colpitts_rejects_a_dead_bias_point" time="0.001" /><testcase classname="tests.unit.calculators.test_spiral_inductor" name="test_trace_current_capacity_matches_the_published_tables" time="0.001" /><testcase classname="tests.unit.calculators.test_thermometer_display" name="test_design_point_holds_by_hand" time="0.001" /><testcase classname="tests.unit.calculators.test_thermometer_display" name="test_scale_fraction_is_shared_geometry_truth" time="0.001" /><testcase classname="tests.unit.calculators.test_thermometer_display" name="test_guards_fire" time="0.001" /><testcase classname="tests.unit.circuit.test_intent" name="test_classifies_supported_divider_highpass_led_request" time="0.001" /><testcase classname="tests.unit.circuit.test_intent" name="test_rejects_generic_buck_converter_request" time="0.001" /><testcase classname="tests.unit.circuit.test_intent" name="test_classifies_lm2596_buck_module_request" time="0.001" /><testcase classname="tests.unit.circuit.test_models" name="test_circuit_intent_records_supported_scope" time="0.001" /><testcase classname="tests.unit.circuit.test_models" name="test_topology_selection_requires_evidence" time="0.000" /><testcase classname="tests.unit.circuit.test_models" name="test_component_role_is_explicit_about_demo_support" time="0.001" /><testcase classname="tests.unit.circuit.test_models" name="test_review_bundle_status_is_not_passed_when_human_review_is_required" time="0.001" /><testcase classname="tests.unit.circuit.test_models" name="test_authority_models_separate_kicad_and_reconciliation" time="0.001" /><testcase classname="tests.unit.circuit.test_models" name="test_evidence_ref_carries_authority_and_applicability" time="0.001" /><testcase classname="tests.unit.circuit.test_models" name="test_review_finding_fingerprint_is_stable_for_same_semantic_identity" time="0.001" /><testcase classname="tests.unit.circuit.test_models" name="test_review_finding_fingerprint_changes_with_referenced_objects" time="0.001" /><testcase classname="tests.unit.circuit.test_topologies" name="test_selects_topology_with_formula_evidence" time="0.001" /><testcase classname="tests.unit.core.test_board_models" name="test_board_keeps_footprints_and_traces_separate_from_symbols" time="0.001" /><testcase classname="tests.unit.core.test_board_models" name="test_trace_rejects_zero_width" time="0.001" /><testcase classname="tests.unit.core.test_board_models" name="test_via_rejects_zero_drill" time="0.001" /><testcase classname="tests.unit.core.test_board_models" name="test_via_rejects_diameter_smaller_than_drill" time="0.001" /><testcase classname="tests.unit.core.test_board_models" name="test_board_round_trips_json_collections_as_tuples" time="0.001" /><testcase classname="tests.unit.core.test_board_models" name="test_board_rejects_unknown_fields" time="0.001" /><testcase classname="tests.unit.core.test_geom" name="test_point_from_mm_round_trips_to_nm" time="0.001" /><testcase classname="tests.unit.core.test_geom" name="test_mm_nm_rounding_policy" time="0.001" /><testcase classname="tests.unit.core.test_geom" name="test_point_add_sub_inverse" time="1.773" /><testcase classname="tests.unit.core.test_geom" name="test_snap_is_idempotent" time="0.071" /><testcase classname="tests.unit.core.test_geom" name="test_snap_half_grid_positive_rounds_away_from_zero" time="0.001" /><testcase classname="tests.unit.core.test_geom" name="test_snap_half_grid_negative_rounds_away_from_zero" time="0.001" /><testcase classname="tests.unit.core.test_geom" name="test_snap_negative_values_round_to_nearest_grid" time="0.001" /><testcase classname="tests.unit.core.test_geom" name="test_snap_rejects_non_positive_grid" time="0.001" /><testcase classname="tests.unit.core.test_geom" name="test_box_contains_closed_edges" time="0.001" /><testcase classname="tests.unit.core.test_geom" name="test_box_intersection_counts_touching_edges" time="0.001" /><testcase classname="tests.unit.core.test_ids" name="test_make_id_uses_prefix_and_slug" time="0.001" /><testcase classname="tests.unit.core.test_ids" name="test_make_id_strips_repeated_separators" time="0.001" /><testcase classname="tests.unit.core.test_ids" name="test_make_id_rejects_empty_slug" time="0.001" /><testcase classname="tests.unit.core.test_library_models" name="test_symbol_pin_lookup_by_number" time="0.001" /><testcase classname="tests.unit.core.test_library_models" name="test_symbol_rejects_duplicate_pin_numbers" time="0.001" /><testcase classname="tests.unit.core.test_library_models" name="test_symbol_pin_lookup_missing_number_raises_key_error" time="0.001" /><testcase classname="tests.unit.core.test_library_models" name="test_symbol_pins_cannot_be_appended_after_construction" time="0.001" /><testcase classname="tests.unit.core.test_library_models" name="test_footprint_pad_lookup_by_number" time="0.001" /><testcase classname="tests.unit.core.test_library_models" name="test_footprint_rejects_duplicate_pad_numbers" time="0.001" /><testcase classname="tests.unit.core.test_library_models" name="test_footprint_pad_lookup_missing_number_raises_key_error" time="0.001" /><testcase classname="tests.unit.core.test_library_models" name="test_footprint_pads_cannot_be_appended_after_construction" time="0.001" /><testcase classname="tests.unit.core.test_library_models" name="test_pad_rejects_invalid_dimensions_and_drill[0-900000-None]" time="0.001" /><testcase classname="tests.unit.core.test_library_models" name="test_pad_rejects_invalid_dimensions_and_drill[800000-0-None]" time="0.001" /><testcase classname="tests.unit.core.test_library_models" name="test_pad_rejects_invalid_dimensions_and_drill[800000-900000-0]" time="0.001" /><testcase classname="tests.unit.core.test_library_models" name="test_pad_rejects_invalid_dimensions_and_drill[800000-900000--1]" time="0.001" /><testcase classname="tests.unit.core.test_library_models" name="test_symbol_rejects_unknown_fields" time="0.001" /><testcase classname="tests.unit.core.test_netops" name="test_derive_netlist_connects_pin_tips_through_wire" time="0.001" /><testcase classname="tests.unit.core.test_netops" name="test_derive_netlist_raises_for_unknown_symbol" time="0.001" /><testcase classname="tests.unit.core.test_netops" name="test_derive_netlist_raises_for_conflicting_labels" time="0.001" /><testcase classname="tests.unit.core.test_netops" name="test_derive_netlist_excludes_unconnected_floating_pins" time="0.001" /><testcase classname="tests.unit.core.test_netops" name="test_derive_netlist_preserves_single_pin_labelled_net" time="0.001" /><testcase classname="tests.unit.core.test_netops" name="test_derive_netlist_merges_disconnected_groups_with_same_label" time="0.001" /><testcase classname="tests.unit.core.test_netops" name="test_derive_netlist_connects_wire_endpoint_to_segment_t" time="0.001" /><testcase classname="tests.unit.core.test_netops" name="test_derive_netlist_keeps_mid_segment_crossings_separate" time="0.001" /><testcase classname="tests.unit.core.test_netops" name="test_derive_netlist_connects_mid_segment_crossing_with_junction" time="0.001" /><testcase classname="tests.unit.core.test_netops" name="test_derive_netlist_honors_180_degree_symbol_rotation" time="0.001" /><testcase classname="tests.unit.core.test_netops" name="test_derive_netlist_honors_90_degree_symbol_rotation" time="0.001" /><testcase classname="tests.unit.core.test_netops" name="test_derive_netlist_honors_270_degree_symbol_rotation" time="0.001" /><testcase classname="tests.unit.core.test_netops" name="test_derive_netlist_raises_for_unsupported_symbol_rotation" time="0.001" /><testcase classname="tests.unit.core.test_project_models" name="test_project_defaults_are_phase_0_safe" time="0.001" /><testcase classname="tests.unit.core.test_project_models" name="test_design_rules_reject_non_positive_clearance" time="0.001" /><testcase classname="tests.unit.core.test_project_models" name="test_project_rejects_unknown_json_fields" time="0.001" /><testcase classname="tests.unit.core.test_schematic_models" name="test_schematic_rejects_duplicate_references" time="0.001" /><testcase classname="tests.unit.core.test_schematic_models" name="test_schematic_accepts_wires_and_labels" time="0.001" /><testcase classname="tests.unit.core.test_schematic_models" name="test_schematic_rejects_unknown_json_fields" time="0.001" /><testcase classname="tests.unit.evidence.test_acquisition" name="test_url_downloader_retries_rate_limit_and_records_final_response" time="0.002" /><testcase classname="tests.unit.evidence.test_acquisition" name="test_url_downloader_exhausts_transient_failures_with_telemetry" time="0.001" /><testcase classname="tests.unit.evidence.test_acquisition" name="test_acquisition_returns_cache_hit_without_provider_or_downloader" time="0.015" /><testcase classname="tests.unit.evidence.test_acquisition" name="test_acquisition_reports_missing_when_provider_has_no_candidates" time="0.011" /><testcase classname="tests.unit.evidence.test_acquisition" name="test_acquisition_does_not_download_candidate_without_datasheet_url" time="0.012" /><testcase classname="tests.unit.evidence.test_acquisition" name="test_acquisition_downloads_selected_datasheet_and_updates_manifest" time="0.033" /><testcase classname="tests.unit.evidence.test_cache" name="test_evidence_cache_loads_manifest_and_resolves_cached_files" time="0.004" /><testcase classname="tests.unit.evidence.test_cache" name="test_evidence_cache_reports_missing_role_without_fetching" time="0.001" /><testcase classname="tests.unit.evidence.test_cache" name="test_evidence_manifest_rejects_unknown_schema" time="0.014" /><testcase classname="tests.unit.evidence.test_divider_highpass_led_selection" name="test_selects_all_divider_highpass_led_components_from_cache" time="0.003" /><testcase classname="tests.unit.evidence.test_divider_highpass_led_selection" name="test_missing_role_evidence_keeps_component_in_datasheet_review" time="0.016" /><testcase classname="tests.unit.evidence.test_divider_highpass_led_selection" name="test_under_rated_led_resistor_blocks_selection" time="0.016" /><testcase classname="tests.unit.evidence.test_divider_highpass_led_selection" name="test_selector_skips_failed_candidate_when_later_cached_candidate_passes" time="0.016" /><testcase classname="tests.unit.evidence.test_extraction" name="test_extraction_service_writes_machine_extracted_facts_and_updates_job" time="0.029" /><testcase classname="tests.unit.evidence.test_extraction" name="test_extraction_service_marks_job_failed_without_adding_facts" time="0.020" /><testcase classname="tests.unit.evidence.test_llm_extraction" name="test_extractor_builds_facts_with_locators_and_confidence" time="0.017" /><testcase classname="tests.unit.evidence.test_llm_extraction" name="test_extractor_reports_missing_required_facts" time="0.005" /><testcase classname="tests.unit.evidence.test_llm_extraction" name="test_extractor_fails_on_unparseable_response" time="0.005" /><testcase classname="tests.unit.evidence.test_llm_extraction" name="test_extractor_fails_when_provider_errors" time="0.006" /><testcase classname="tests.unit.evidence.test_llm_extraction" name="test_extractor_requests_generic_facts_for_unknown_role" time="0.005" /><testcase classname="tests.unit.evidence.test_llm_extraction" name="test_prompt_names_component_role_and_required_facts" time="0.001" /><testcase classname="tests.unit.evidence.test_llm_extraction" name="test_parse_facts_payload_strips_markdown_fences" time="0.001" /><testcase classname="tests.unit.evidence.test_llm_extraction" name="test_parse_facts_payload_accepts_bare_list" time="0.001" /><testcase classname="tests.unit.evidence.test_llm_extraction" name="test_parse_facts_payload_rejects_prose" time="0.001" /><testcase classname="tests.unit.evidence.test_llm_extraction" name="test_openai_compatible_client_posts_chat_completion" time="0.001" /><testcase classname="tests.unit.evidence.test_llm_extraction" name="test_openai_compatible_client_requires_document_text" time="0.001" /><testcase classname="tests.unit.evidence.test_llm_extraction" name="test_openai_compatible_client_rejects_empty_choices" time="0.001" /><testcase classname="tests.unit.evidence.test_lm2596_buck_evidence" name="test_real_manifest_validates_the_regulator" time="0.002" /><testcase classname="tests.unit.evidence.test_lm2596_buck_evidence" name="test_conflicting_vref_fails_validation" time="0.016" /><testcase classname="tests.unit.evidence.test_local_registration" name="test_register_local_evidence_writes_component_and_pending_job" time="0.038" /><testcase classname="tests.unit.evidence.test_local_registration" name="test_register_local_evidence_replaces_existing_identity" time="0.022" /><testcase classname="tests.unit.evidence.test_local_registration" name="test_register_local_evidence_keeps_jobs_for_shared_datasheet" time="0.049" /><testcase classname="tests.unit.evidence.test_local_registration" name="test_extraction_service_retries_failed_jobs_when_requested" time="0.035" /><testcase classname="tests.unit.evidence.test_nexar_provider" name="test_nexar_client_credentials_token_provider_posts_supply_scope_form" time="0.001" /><testcase classname="tests.unit.evidence.test_nexar_provider" name="test_nexar_token_provider_rejects_response_without_access_token" time="0.001" /><testcase classname="tests.unit.evidence.test_nexar_provider" name="test_nexar_provider_posts_graphql_with_bearer_token_and_part_number_query" time="0.001" /><testcase classname="tests.unit.evidence.test_nexar_provider" name="test_nexar_provider_maps_best_datasheet_to_source_candidate" time="0.001" /><testcase classname="tests.unit.evidence.test_nexar_provider" name="test_nexar_provider_uses_free_text_query_when_part_number_is_missing" time="0.001" /><testcase classname="tests.unit.evidence.test_nexar_provider" name="test_nexar_provider_returns_empty_when_result_has_no_part" time="0.001" /><testcase classname="tests.unit.evidence.test_nexar_provider" name="test_nexar_provider_raises_for_graphql_errors" time="0.001" /><testcase classname="tests.unit.evidence.test_part_discovery" name="test_exact_datasheet_is_retrieved_through_safe_source_intake" time="0.015" /><testcase classname="tests.unit.evidence.test_part_discovery" name="test_fuzzy_or_different_mpn_is_rejected_without_download" time="0.004" /><testcase classname="tests.unit.evidence.test_part_discovery" name="test_multiple_exact_candidates_require_explicit_selection" time="0.005" /><testcase classname="tests.unit.evidence.test_part_discovery" name="test_existing_nexar_compatible_provider_can_feed_exact_datasheet_discovery" time="0.001" /><testcase classname="tests.unit.evidence.test_part_discovery" name="test_installed_cad_identity_wins_and_located_asset_is_not_called_installed" time="0.001" /><testcase classname="tests.unit.evidence.test_part_discovery" name="test_report_exactly_covers_requested_roles_and_rejects_tampering" time="0.002" /><testcase classname="tests.unit.evidence.test_part_discovery_cli" name="test_cli_retrieves_exact_part_catalog_and_writes_report" time="0.040" /><testcase classname="tests.unit.evidence.test_source_intake" name="test_downloads_only_approved_content_and_writes_redacted_projection" time="0.034" /><testcase classname="tests.unit.evidence.test_source_intake" name="test_cache_hit_revalidates_bytes_without_downloading" time="0.018" /><testcase classname="tests.unit.evidence.test_source_intake" name="test_unapproved_host_and_unknown_license_are_typed_blockers" time="0.019" /><testcase classname="tests.unit.evidence.test_source_intake" name="test_hash_or_content_mismatch_fails_without_caching_payload" time="0.021" /><testcase classname="tests.unit.evidence.test_source_intake" name="test_zip_identity_records_sorted_members_and_required_member_check" time="0.008" /><testcase classname="tests.unit.evidence.test_source_intake" name="test_final_redirect_must_remain_on_approved_host" time="0.017" /><testcase classname="tests.unit.evidence.test_source_intake" name="test_batch_intake_resumes_from_each_persisted_source" time="0.058" /><testcase classname="tests.unit.evidence.test_source_intake" name="test_v1_private_manifest_remains_loadable_and_is_upgraded_on_write" time="0.025" /><testcase classname="tests.unit.evidence.test_source_intake" name="test_authentication_failure_is_distinct_from_network_failure" time="0.006" /><testcase classname="tests.unit.evidence.test_source_intake_cli" name="test_catalog_loader_accepts_research_annotations" time="0.013" /><testcase classname="tests.unit.evidence.test_source_intake_cli" name="test_catalog_loader_rejects_duplicate_source_ids" time="0.012" /><testcase classname="tests.unit.evidence.test_source_intake_cli" name="test_batch_parser_uses_resilient_download_defaults" time="0.006" /><testcase classname="tests.unit.generation.test_bldc_esc" name="test_component_and_schematic_instances_are_one_to_one" time="0.002" /><testcase classname="tests.unit.generation.test_bldc_esc" name="test_driver_uses_charge_pump_not_invented_phase_bootstraps" time="0.002" /><testcase classname="tests.unit.generation.test_bldc_esc" name="test_tolt_pin_map_preserves_all_package_connections" time="0.001" /><testcase classname="tests.unit.generation.test_bldc_esc" name="test_shunt_footprint_is_two_terminal_with_kelvin_routing_role" time="0.002" /><testcase classname="tests.unit.generation.test_bldc_esc" name="test_rta_land_rows_use_datasheet_5_8_mm_center_span" time="0.001" /><testcase classname="tests.unit.generation.test_bldc_esc" name="test_custom_body_envelopes_do_not_use_pad_crossing_silkscreen" time="0.001" /><testcase classname="tests.unit.generation.test_bldc_esc" name="test_dc_link_schematic_bank_uses_non_overlapping_rows" time="0.001" /><testcase classname="tests.unit.generation.test_bldc_esc" name="test_high_risk_parts_keep_pinned_manufacturer_evidence" time="0.002" /><testcase classname="tests.unit.generation.test_bldc_esc" name="test_review_proxy_models_are_explicitly_marked_non_authoritative" time="0.072" /><testcase classname="tests.unit.generation.test_bldc_esc" name="test_r002_mechanical_models_are_dimensioned_and_non_authoritative" time="0.035" /><testcase classname="tests.unit.generation.test_bldc_esc_engineering" name="test_bldc_bundle_retains_shunt_loss_and_marks_mosfet_screening_provisional" time="0.014" /><testcase classname="tests.unit.generation.test_bldc_esc_engineering" name="test_bldc_coverage_fails_closed_on_environment_faults_and_loss_budget" time="0.012" /><testcase classname="tests.unit.generation.test_bldc_esc_engineering" name="test_bldc_evidence_writer_emits_parseable_authority_files" time="0.051" /><testcase classname="tests.unit.generation.test_blocks" name="test_flyback_front_end_block_is_registered_and_composes" time="0.001" /><testcase classname="tests.unit.generation.test_blocks" name="test_block_parts_match_the_composition" time="0.001" /><testcase classname="tests.unit.generation.test_blocks" name="test_rcd_clamp_block_is_registered_and_matches_composition" time="0.001" /><testcase classname="tests.unit.generation.test_blocks" name="test_clamp_resistor_value_tracks_the_calculator_input" time="0.001" /><testcase classname="tests.unit.generation.test_blocks" name="test_isolated_feedback_block_is_registered_and_matches_composition" time="0.001" /><testcase classname="tests.unit.generation.test_blocks" name="test_servo555_blocks_are_registered_and_match_the_composition" time="0.001" /><testcase classname="tests.unit.generation.test_clover" name="test_intent_and_composition" time="0.001" /><testcase classname="tests.unit.generation.test_clover" name="test_pin_maps_are_consistent" time="0.001" /><testcase classname="tests.unit.generation.test_clover" name="test_simulation_netlist_drives_each_leaf" time="0.001" /><testcase classname="tests.unit.generation.test_divider_highpass_led" name="test_composes_circuit_object_with_explicit_roles_and_math" time="0.001" /><testcase classname="tests.unit.generation.test_divider_highpass_led" name="test_writes_schematic_first_project_that_passes_pcbs_erc" time="0.025" /><testcase classname="tests.unit.generation.test_led_art" name="test_intent_extracts_text_and_supply" time="0.001" /><testcase classname="tests.unit.generation.test_led_art" name="test_plan_strings_are_one_per_lit_column" time="0.001" /><testcase classname="tests.unit.generation.test_led_art" name="test_string_resistors_scale_with_led_count" time="0.001" /><testcase classname="tests.unit.generation.test_led_art" name="test_compose_builds_components_for_every_string" time="0.001" /><testcase classname="tests.unit.generation.test_led_art" name="test_unknown_glyph_is_rejected" time="0.001" /><testcase classname="tests.unit.generation.test_metal_detector" name="test_intent_and_composition_derive_from_the_geometry" time="0.001" /><testcase classname="tests.unit.generation.test_metal_detector" name="test_simulation_netlist_carries_the_coil_and_the_detune" time="0.001" /><testcase classname="tests.unit.generation.test_mpu6050" name="test_i2c_pullup_selects_4k7_for_fast_mode" time="0.001" /><testcase classname="tests.unit.generation.test_mpu6050" name="test_composition_matches_the_datasheet_circuit" time="0.001" /><testcase classname="tests.unit.generation.test_pear" name="test_intent_and_composition_match_the_geometry" time="0.002" /><testcase classname="tests.unit.generation.test_pear" name="test_simulation_netlist_covers_every_branch" time="0.002" /><testcase classname="tests.unit.generation.test_servo555" name="test_intent_and_composition_reproduce_the_reference_circuit" time="0.001" /><testcase classname="tests.unit.generation.test_servo555" name="test_simulation_netlist_models_the_inverter_stage" time="0.001" /><testcase classname="tests.unit.generation.test_servo555" name="test_bench_steps_carry_the_calculated_design_point" time="0.001" /><testcase classname="tests.unit.generation.test_thermometer" name="test_composition_carries_the_brief" time="0.001" /><testcase classname="tests.unit.generation.test_thermometer" name="test_findings_are_honest" time="0.001" /><testcase classname="tests.unit.generation.test_thermometer" name="test_blocks_match_the_composition" time="0.001" /><testcase classname="tests.unit.kicad.test_aggregate_exact_checker" name="test_all_required_in_process_checks_pass_but_missing_external_blocks" time="0.003" /><testcase classname="tests.unit.kicad.test_aggregate_exact_checker" name="test_virtual_connectivity_finding_blocks_exact_acceptance" time="0.004" /><testcase classname="tests.unit.kicad.test_aggregate_exact_checker" name="test_design_finding_blocks_exact_acceptance" time="0.003" /><testcase classname="tests.unit.kicad.test_aggregate_exact_checker" name="test_exact_supplied_external_failure_or_pending_blocks[fail]" time="0.004" /><testcase classname="tests.unit.kicad.test_aggregate_exact_checker" name="test_exact_supplied_external_failure_or_pending_blocks[unverified]" time="0.004" /><testcase classname="tests.unit.kicad.test_aggregate_exact_checker" name="test_exact_external_pass_accepts_only_when_every_required_check_passes" time="0.006" /><testcase classname="tests.unit.kicad.test_aggregate_exact_checker" name="test_explicitly_inapplicable_external_check_is_retained_without_blocking" time="0.003" /><testcase classname="tests.unit.kicad.test_aggregate_exact_checker" name="test_stale_duplicate_extra_and_in_process_replacement_evidence_reject" time="0.005" /><testcase classname="tests.unit.kicad.test_aggregate_exact_checker" name="test_policy_result_messages_checker_id_and_fingerprint_tamper_reject" time="0.006" /><testcase classname="tests.unit.kicad.test_aggregate_exact_checker" name="test_external_result_cannot_be_a_boolean_or_tampered_message" time="0.002" /><testcase classname="tests.unit.kicad.test_aggregate_exact_checker" name="test_input_objects_are_isolated_and_retained_snapshots_do_not_follow_changes" time="0.005" /><testcase classname="tests.unit.kicad.test_aggregate_exact_checker" name="test_mutating_in_process_check_is_rejected" time="0.002" /><testcase classname="tests.unit.kicad.test_aggregate_exact_checker" name="test_mutating_retained_policy_is_rejected" time="0.002" /><testcase classname="tests.unit.kicad.test_aggregate_kicad_roundtrip_adapter" name="test_clean_roundtrip_adapter_passes_and_full_aggregate_replays" time="0.185" /><testcase classname="tests.unit.kicad.test_aggregate_kicad_roundtrip_adapter" name="test_failed_drc_and_disabled_required_gate_derive_blocking_statuses" time="0.146" /><testcase classname="tests.unit.kicad.test_aggregate_kicad_roundtrip_adapter" name="test_wrong_aggregate_layout_netlist_and_policy_are_rejected" time="0.154" /><testcase classname="tests.unit.kicad.test_aggregate_kicad_roundtrip_adapter" name="test_generic_and_specialized_evidence_cannot_impersonate_each_other" time="0.172" /><testcase classname="tests.unit.kicad.test_aggregate_kicad_roundtrip_adapter" name="test_adapter_and_aggregate_are_deterministic_under_supplied_input_reversal" time="0.177" /><testcase classname="tests.unit.kicad.test_aggregate_kicad_roundtrip_adapter" name="test_status_findings_and_adapter_identity_tamper_reject[status]" time="0.115" /><testcase classname="tests.unit.kicad.test_aggregate_kicad_roundtrip_adapter" name="test_status_findings_and_adapter_identity_tamper_reject[findings]" time="0.090" /><testcase classname="tests.unit.kicad.test_aggregate_kicad_roundtrip_adapter" name="test_status_findings_and_adapter_identity_tamper_reject[producer_id]" time="0.085" /><testcase classname="tests.unit.kicad.test_aggregate_kicad_roundtrip_adapter" name="test_roundtrip_and_adapter_fingerprint_tamper_reject" time="0.150" /><testcase classname="tests.unit.kicad.test_aggregate_kicad_roundtrip_adapter" name="test_full_aggregate_json_replay_rejects_every_adapter_binding_tamper" time="0.377" /><testcase classname="tests.unit.kicad.test_aggregate_kicad_roundtrip_adapter" name="test_full_aggregate_json_replay_rejects_recomputed_finding_message_tamper" time="0.173" /><testcase classname="tests.unit.kicad.test_aggregate_reader_netlist_equality_adapter" name="test_exact_pass_replays_inside_full_aggregate" time="0.010" /><testcase classname="tests.unit.kicad.test_aggregate_reader_netlist_equality_adapter" name="test_equivalent_reader_xml_order_is_semantic_not_byte_equivalence" time="0.004" /><testcase classname="tests.unit.kicad.test_aggregate_reader_netlist_equality_adapter" name="test_netlist_xml_canonicalization_removes_only_volatile_host_context" time="0.001" /><testcase classname="tests.unit.kicad.test_aggregate_reader_netlist_equality_adapter" name="test_component_value_footprint_and_net_node_mismatches_fail[&lt;export&gt;\n  &lt;components&gt;\n    &lt;comp ref=&quot;R1&quot;&gt;\n      &lt;value&gt;10k&lt;/value&gt;&lt;footprint&gt;Resistor_SMD:R_0603_1608Metric&lt;/footprint&gt;\n      &lt;tstamps&gt;uuid-r1&lt;/tstamps&gt;\n    &lt;/comp&gt;\n    &lt;comp ref=&quot;R3&quot;&gt;\n      &lt;value&gt;20k&lt;/value&gt;&lt;footprint&gt;Resistor_SMD:R_0603_1608Metric&lt;/footprint&gt;\n      &lt;tstamps&gt;uuid-r2&lt;/tstamps&gt;\n    &lt;/comp&gt;\n  &lt;/components&gt;\n  &lt;nets&gt;&lt;net name=&quot;/SIG&quot;&gt;&lt;node ref=&quot;R1&quot; pin=&quot;1&quot;/&gt;&lt;/net&gt;&lt;/nets&gt;\n&lt;/export&gt;-R2]" time="0.003" /><testcase classname="tests.unit.kicad.test_aggregate_reader_netlist_equality_adapter" name="test_component_value_footprint_and_net_node_mismatches_fail[&lt;export&gt;\n  &lt;components&gt;\n    &lt;comp ref=&quot;R1&quot;&gt;\n      &lt;value&gt;11k&lt;/value&gt;&lt;footprint&gt;Resistor_SMD:R_0603_1608Metric&lt;/footprint&gt;\n      &lt;tstamps&gt;uuid-r1&lt;/tstamps&gt;\n    &lt;/comp&gt;\n    &lt;comp ref=&quot;R2&quot;&gt;\n      &lt;value&gt;20k&lt;/value&gt;&lt;footprint&gt;Resistor_SMD:R_0603_1608Metric&lt;/footprint&gt;\n      &lt;tstamps&gt;uuid-r2&lt;/tstamps&gt;\n    &lt;/comp&gt;\n  &lt;/components&gt;\n  &lt;nets&gt;&lt;net name=&quot;/SIG&quot;&gt;&lt;node ref=&quot;R1&quot; pin=&quot;1&quot;/&gt;&lt;/net&gt;&lt;/nets&gt;\n&lt;/export&gt;-R1 differs]" time="0.003" /><testcase classname="tests.unit.kicad.test_aggregate_reader_netlist_equality_adapter" name="test_component_value_footprint_and_net_node_mismatches_fail[&lt;export&gt;\n  &lt;components&gt;\n    &lt;comp ref=&quot;R1&quot;&gt;\n      &lt;value&gt;10k&lt;/value&gt;&lt;footprint&gt;Capacitor_SMD:C_0603_1608Metric&lt;/footprint&gt;\n      &lt;tstamps&gt;uuid-r1&lt;/tstamps&gt;\n    &lt;/comp&gt;\n    &lt;comp ref=&quot;R2&quot;&gt;\n      &lt;value&gt;20k&lt;/value&gt;&lt;footprint&gt;Resistor_SMD:R_0603_1608Metric&lt;/footprint&gt;\n      &lt;tstamps&gt;uuid-r2&lt;/tstamps&gt;\n    &lt;/comp&gt;\n  &lt;/components&gt;\n  &lt;nets&gt;&lt;net name=&quot;/SIG&quot;&gt;&lt;node ref=&quot;R1&quot; pin=&quot;1&quot;/&gt;&lt;/net&gt;&lt;/nets&gt;\n&lt;/export&gt;-R1 differs]" time="0.004" /><testcase classname="tests.unit.kicad.test_aggregate_reader_netlist_equality_adapter" name="test_component_value_footprint_and_net_node_mismatches_fail[&lt;export&gt;\n  &lt;components&gt;\n    &lt;comp ref=&quot;R1&quot;&gt;\n      &lt;value&gt;10k&lt;/value&gt;&lt;footprint&gt;Resistor_SMD:R_0603_1608Metric&lt;/footprint&gt;\n      &lt;tstamps&gt;uuid-r1&lt;/tstamps&gt;\n    &lt;/comp&gt;\n    &lt;comp ref=&quot;R2&quot;&gt;\n      &lt;value&gt;20k&lt;/value&gt;&lt;footprint&gt;Resistor_SMD:R_0603_1608Metric&lt;/footprint&gt;\n      &lt;tstamps&gt;uuid-r2&lt;/tstamps&gt;\n    &lt;/comp&gt;\n  &lt;/components&gt;\n  &lt;nets&gt;&lt;net name=&quot;/SIG&quot;&gt;&lt;node ref=&quot;R1&quot; pin=&quot;2&quot;/&gt;&lt;/net&gt;&lt;/nets&gt;\n&lt;/export&gt;-Net /SIG]" time="0.003" /><testcase classname="tests.unit.kicad.test_aggregate_reader_netlist_equality_adapter" name="test_explicit_erc_failure_and_passed_report_findings_fail[machine]" time="0.004" /><testcase classname="tests.unit.kicad.test_aggregate_reader_netlist_equality_adapter" name="test_explicit_erc_failure_and_passed_report_findings_fail[reader]" time="0.004" /><testcase classname="tests.unit.kicad.test_aggregate_reader_netlist_equality_adapter" name="test_unavailable_pending_human_or_warning_erc_cannot_authorize[unavailable]" time="0.002" /><testcase classname="tests.unit.kicad.test_aggregate_reader_netlist_equality_adapter" name="test_unavailable_pending_human_or_warning_erc_cannot_authorize[not_run]" time="0.002" /><testcase classname="tests.unit.kicad.test_aggregate_reader_netlist_equality_adapter" name="test_unavailable_pending_human_or_warning_erc_cannot_authorize[needs_human_review]" time="0.002" /><testcase classname="tests.unit.kicad.test_aggregate_reader_netlist_equality_adapter" name="test_unavailable_pending_human_or_warning_erc_cannot_authorize[warning]" time="0.002" /><testcase classname="tests.unit.kicad.test_aggregate_reader_netlist_equality_adapter" name="test_pass_status_is_replayed_from_retained_erc_json_without_paths" time="0.003" /><testcase classname="tests.unit.kicad.test_aggregate_reader_netlist_equality_adapter" name="test_machine_parsed_netlist_must_equal_exact_aggregate_netlist" time="0.006" /><testcase classname="tests.unit.kicad.test_aggregate_reader_netlist_equality_adapter" name="test_policy_must_explicitly_reserve_reader_producer" time="0.002" /><testcase classname="tests.unit.kicad.test_aggregate_reader_netlist_equality_adapter" name="test_generic_evidence_cannot_impersonate_reader_adapter" time="0.003" /><testcase classname="tests.unit.kicad.test_aggregate_reader_netlist_equality_adapter" name="test_roundtrip_adapter_cannot_impersonate_reader_adapter" time="0.098" /><testcase classname="tests.unit.kicad.test_aggregate_reader_netlist_equality_adapter" name="test_duplicate_specialized_evidence_is_rejected" time="0.005" /><testcase classname="tests.unit.kicad.test_aggregate_reader_netlist_equality_adapter" name="test_identity_hash_context_tool_config_and_producer_tampering_is_rejected[machine_netlist_xml_sha256-0000000000000000000000000000000000000000000000000000000000000000-XML checksum]" time="0.003" /><testcase classname="tests.unit.kicad.test_aggregate_reader_netlist_equality_adapter" name="test_identity_hash_context_tool_config_and_producer_tampering_is_rejected[reader_schematic_artifact_sha256-0000000000000000000000000000000000000000000000000000000000000000-schematic artifact checksum]" time="0.004" /><testcase classname="tests.unit.kicad.test_aggregate_reader_netlist_equality_adapter" name="test_identity_hash_context_tool_config_and_producer_tampering_is_rejected[tool_version-10.1-tampered-evidence fingerprint]" time="0.004" /><testcase classname="tests.unit.kicad.test_aggregate_reader_netlist_equality_adapter" name="test_identity_hash_context_tool_config_and_producer_tampering_is_rejected[config_identity-tampered-config-evidence fingerprint]" time="0.004" /><testcase classname="tests.unit.kicad.test_aggregate_reader_netlist_equality_adapter" name="test_identity_hash_context_tool_config_and_producer_tampering_is_rejected[config_sha256-0000000000000000000000000000000000000000000000000000000000000000-config checksum]" time="0.004" /><testcase classname="tests.unit.kicad.test_aggregate_reader_netlist_equality_adapter" name="test_identity_hash_context_tool_config_and_producer_tampering_is_rejected[layout_snapshot_fingerprint-0000000000000000000000000000000000000000000000000000000000000000-evidence fingerprint]" time="0.004" /><testcase classname="tests.unit.kicad.test_aggregate_reader_netlist_equality_adapter" name="test_identity_hash_context_tool_config_and_producer_tampering_is_rejected[policy_fingerprint-0000000000000000000000000000000000000000000000000000000000000000-evidence fingerprint]" time="0.003" /><testcase classname="tests.unit.kicad.test_aggregate_reader_netlist_equality_adapter" name="test_identity_hash_context_tool_config_and_producer_tampering_is_rejected[producer_id-pcbsmith.kicad.placement-save-roundtrip-adapter-literal_error]" time="0.004" /><testcase classname="tests.unit.kicad.test_aggregate_reader_netlist_equality_adapter" name="test_parser_snapshot_erc_and_derived_result_tampering_rejects_even_if_refingerprinted" time="0.008" /><testcase classname="tests.unit.kicad.test_aggregate_reader_netlist_equality_adapter" name="test_aggregate_json_replay_rejects_nested_specialized_tampering" time="0.008" /><testcase classname="tests.unit.kicad.test_aggregate_thermometer_simulation_adapter" name="test_exact_pass_replays_in_full_aggregate_without_board_equivalence_claim" time="0.020" /><testcase classname="tests.unit.kicad.test_aggregate_thermometer_simulation_adapter" name="test_led_branch_model_scope_and_explicit_exclusions_are_retained" time="0.005" /><testcase classname="tests.unit.kicad.test_aggregate_thermometer_simulation_adapter" name="test_threshold_and_missing_measure_failures_are_replay_derived[i_seg = 30e-3\nv_f = 1.85\ni_pwled = 1.45e-3\n-Segment LED current]" time="0.011" /><testcase classname="tests.unit.kicad.test_aggregate_thermometer_simulation_adapter" name="test_threshold_and_missing_measure_failures_are_replay_derived[i_seg = 5.37e-3\nv_f = 2.8\ni_pwled = 1.45e-3\n-forward voltage]" time="0.012" /><testcase classname="tests.unit.kicad.test_aggregate_thermometer_simulation_adapter" name="test_threshold_and_missing_measure_failures_are_replay_derived[i_seg = 5.37e-3\nv_f = 1.85\n-expected .meas]" time="0.011" /><testcase classname="tests.unit.kicad.test_aggregate_thermometer_simulation_adapter" name="test_unavailable_not_run_and_warning_without_results_are_unverified[unavailable]" time="0.006" /><testcase classname="tests.unit.kicad.test_aggregate_thermometer_simulation_adapter" name="test_unavailable_not_run_and_warning_without_results_are_unverified[not_run]" time="0.089" /><testcase classname="tests.unit.kicad.test_aggregate_thermometer_simulation_adapter" name="test_unavailable_not_run_and_warning_without_results_are_unverified[warning]" time="0.005" /><testcase classname="tests.unit.kicad.test_aggregate_thermometer_simulation_adapter" name="test_failed_tool_run_without_replayable_results_is_unverified" time="0.005" /><testcase classname="tests.unit.kicad.test_aggregate_thermometer_simulation_adapter" name="test_measurement_line_order_is_semantic_while_raw_bytes_remain_truthful" time="0.014" /><testcase classname="tests.unit.kicad.test_aggregate_thermometer_simulation_adapter" name="test_policy_must_explicitly_reserve_simulation_producer" time="0.002" /><testcase classname="tests.unit.kicad.test_aggregate_thermometer_simulation_adapter" name="test_generic_evidence_cannot_impersonate_simulation_adapter" time="0.002" /><testcase classname="tests.unit.kicad.test_aggregate_thermometer_simulation_adapter" name="test_reader_adapter_cannot_impersonate_simulation_adapter" time="0.006" /><testcase classname="tests.unit.kicad.test_aggregate_thermometer_simulation_adapter" name="test_save_roundtrip_adapter_cannot_impersonate_simulation_adapter" time="0.123" /><testcase classname="tests.unit.kicad.test_aggregate_thermometer_simulation_adapter" name="test_duplicate_and_extra_specialized_evidence_are_rejected" time="0.016" /><testcase classname="tests.unit.kicad.test_aggregate_thermometer_simulation_adapter" name="test_identity_context_hash_topology_scope_tool_and_config_tampering_is_rejected[circuit_artifact_sha256-0000000000000000000000000000000000000000000000000000000000000000-evidence fingerprint]" time="0.006" /><testcase classname="tests.unit.kicad.test_aggregate_thermometer_simulation_adapter" name="test_identity_context_hash_topology_scope_tool_and_config_tampering_is_rejected[circuit_snapshot_sha256-0000000000000000000000000000000000000000000000000000000000000000-snapshot checksum]" time="0.006" /><testcase classname="tests.unit.kicad.test_aggregate_thermometer_simulation_adapter" name="test_identity_context_hash_topology_scope_tool_and_config_tampering_is_rejected[spice_netlist_sha256-0000000000000000000000000000000000000000000000000000000000000000-netlist checksum]" time="0.006" /><testcase classname="tests.unit.kicad.test_aggregate_thermometer_simulation_adapter" name="test_identity_context_hash_topology_scope_tool_and_config_tampering_is_rejected[raw_output_sha256-0000000000000000000000000000000000000000000000000000000000000000-output checksum]" time="0.006" /><testcase classname="tests.unit.kicad.test_aggregate_thermometer_simulation_adapter" name="test_identity_context_hash_topology_scope_tool_and_config_tampering_is_rejected[raw_output_artifact_sha256-0000000000000000000000000000000000000000000000000000000000000000-artifact checksum]" time="0.008" /><testcase classname="tests.unit.kicad.test_aggregate_thermometer_simulation_adapter" name="test_identity_context_hash_topology_scope_tool_and_config_tampering_is_rejected[tool_version-ngspice-47-tampered-evidence fingerprint]" time="0.008" /><testcase classname="tests.unit.kicad.test_aggregate_thermometer_simulation_adapter" name="test_identity_context_hash_topology_scope_tool_and_config_tampering_is_rejected[config_json-{&quot;batch&quot;:false}-config checksum]" time="0.010" /><testcase classname="tests.unit.kicad.test_aggregate_thermometer_simulation_adapter" name="test_identity_context_hash_topology_scope_tool_and_config_tampering_is_rejected[config_sha256-0000000000000000000000000000000000000000000000000000000000000000-config checksum]" time="0.009" /><testcase classname="tests.unit.kicad.test_aggregate_thermometer_simulation_adapter" name="test_identity_context_hash_topology_scope_tool_and_config_tampering_is_rejected[layout_snapshot_fingerprint-0000000000000000000000000000000000000000000000000000000000000000-evidence fingerprint]" time="0.007" /><testcase classname="tests.unit.kicad.test_aggregate_thermometer_simulation_adapter" name="test_identity_context_hash_topology_scope_tool_and_config_tampering_is_rejected[policy_fingerprint-0000000000000000000000000000000000000000000000000000000000000000-evidence fingerprint]" time="0.009" /><testcase classname="tests.unit.kicad.test_aggregate_thermometer_simulation_adapter" name="test_identity_context_hash_topology_scope_tool_and_config_tampering_is_rejected[producer_id-pcbsmith.kicad.reader-netlist-equality-adapter-literal_error]" time="0.006" /><testcase classname="tests.unit.kicad.test_aggregate_thermometer_simulation_adapter" name="test_identity_context_hash_topology_scope_tool_and_config_tampering_is_rejected[supported_topology_id-other-literal_error]" time="0.006" /><testcase classname="tests.unit.kicad.test_aggregate_thermometer_simulation_adapter" name="test_identity_context_hash_topology_scope_tool_and_config_tampering_is_rejected[model_scope_id-other-literal_error]" time="0.005" /><testcase classname="tests.unit.kicad.test_aggregate_thermometer_simulation_adapter" name="test_identity_context_hash_topology_scope_tool_and_config_tampering_is_rejected[model_scope_note-all subsystems simulated-model-scope note]" time="0.007" /><testcase classname="tests.unit.kicad.test_aggregate_thermometer_simulation_adapter" name="test_identity_context_hash_topology_scope_tool_and_config_tampering_is_rejected[evidence_fingerprint-0000000000000000000000000000000000000000000000000000000000000000-evidence fingerprint]" time="0.009" /><testcase classname="tests.unit.kicad.test_aggregate_thermometer_simulation_adapter" name="test_replay_rejects_circuit_netlist_raw_report_and_result_tampering" time="0.022" /><testcase classname="tests.unit.kicad.test_aggregate_thermometer_simulation_adapter" name="test_stale_aggregate_and_policy_bindings_reject_after_self_consistent_refingerprint" time="0.020" /><testcase classname="tests.unit.kicad.test_aggregate_thermometer_simulation_adapter" name="test_aggregate_json_replay_rejects_nested_raw_tampering" time="0.012" /><testcase classname="tests.unit.kicad.test_antenna_clearance" name="test_each_declared_physical_kind_fires_independently[track-F.Cu]" time="0.026" /><testcase classname="tests.unit.kicad.test_antenna_clearance" name="test_each_declared_physical_kind_fires_independently[via-F.Cu]" time="0.031" /><testcase classname="tests.unit.kicad.test_antenna_clearance" name="test_each_declared_physical_kind_fires_independently[pad-F.Cu]" time="0.031" /><testcase classname="tests.unit.kicad.test_antenna_clearance" name="test_each_declared_physical_kind_fires_independently[zone-F.Cu]" time="0.030" /><testcase classname="tests.unit.kicad.test_antenna_clearance" name="test_each_declared_physical_kind_fires_independently[footprint-F.Cu]" time="0.028" /><testcase classname="tests.unit.kicad.test_antenna_clearance" name="test_each_declared_physical_kind_fires_independently[board_material-board_material]" time="0.026" /><testcase classname="tests.unit.kicad.test_antenna_clearance" name="test_same_geometry_wrong_kind_or_layer_is_not_applicable" time="0.049" /><testcase classname="tests.unit.kicad.test_antenna_clearance" name="test_module_owned_feature_has_no_implicit_exemption" time="0.037" /><testcase classname="tests.unit.kicad.test_antenna_clearance" name="test_exact_disjoint_passes_and_boundary_touch_fails_conservatively" time="0.072" /><testcase classname="tests.unit.kicad.test_antenna_clearance" name="test_bounded_keepout_and_unsupported_zone_intent_are_hard_unverified" time="0.245" /><testcase classname="tests.unit.kicad.test_antenna_clearance" name="test_favorable_unrelated_pair_cannot_hide_failure" time="0.045" /><testcase classname="tests.unit.kicad.test_antenna_clearance" name="test_board_binding_and_qualified_fill_tamper_fail_closed" time="0.022" /><testcase classname="tests.unit.kicad.test_antenna_clearance" name="test_nested_exact_fill_reader_policy_tamper_fails[policy_id-policy:stale]" time="0.010" /><testcase classname="tests.unit.kicad.test_antenna_clearance" name="test_nested_exact_fill_reader_policy_tamper_fails[reader_version-stale]" time="0.008" /><testcase classname="tests.unit.kicad.test_antenna_clearance" name="test_nested_exact_fill_reader_policy_tamper_fails[status-suspended]" time="0.009" /><testcase classname="tests.unit.kicad.test_antenna_clearance" name="test_nested_exact_fill_reader_policy_tamper_fails[project_qualification_artifact_sha256-dddddddddddddddddddddddddddddddddddddddddddddddddddddddddddddddd]" time="0.009" /><testcase classname="tests.unit.kicad.test_antenna_clearance" name="test_nested_exact_fill_reader_policy_tamper_fails[reviewer_record_id-review:stale]" time="0.009" /><testcase classname="tests.unit.kicad.test_antenna_clearance" name="test_exact_zone_fill_geometry_fingerprint_is_bound" time="0.011" /><testcase classname="tests.unit.kicad.test_antenna_clearance" name="test_replay_rejects_object_pair_semantic_message_rule_and_fingerprint_tamper" time="0.102" /><testcase classname="tests.unit.kicad.test_antenna_clearance" name="test_duplicate_object_source_and_fill_provenance_ids_fail" time="0.033" /><testcase classname="tests.unit.kicad.test_antenna_clearance" name="test_reversal_repeat_json_and_complete_pair_matrix_are_deterministic" time="0.103" /><testcase classname="tests.unit.kicad.test_antenna_cutout" name="test_exact_front_back_quarter_turn_cutout_and_support_pass[False-0.0]" time="0.095" /><testcase classname="tests.unit.kicad.test_antenna_cutout" name="test_exact_front_back_quarter_turn_cutout_and_support_pass[False-90.0]" time="0.125" /><testcase classname="tests.unit.kicad.test_antenna_cutout" name="test_exact_front_back_quarter_turn_cutout_and_support_pass[False-180.0]" time="0.144" /><testcase classname="tests.unit.kicad.test_antenna_cutout" name="test_exact_front_back_quarter_turn_cutout_and_support_pass[False-270.0]" time="0.157" /><testcase classname="tests.unit.kicad.test_antenna_cutout" name="test_exact_front_back_quarter_turn_cutout_and_support_pass[True-0.0]" time="0.153" /><testcase classname="tests.unit.kicad.test_antenna_cutout" name="test_exact_front_back_quarter_turn_cutout_and_support_pass[True-90.0]" time="0.139" /><testcase classname="tests.unit.kicad.test_antenna_cutout" name="test_exact_front_back_quarter_turn_cutout_and_support_pass[True-180.0]" time="0.122" /><testcase classname="tests.unit.kicad.test_antenna_cutout" name="test_exact_front_back_quarter_turn_cutout_and_support_pass[True-270.0]" time="0.145" /><testcase classname="tests.unit.kicad.test_antenna_cutout" name="test_tenth_unit_inside_equality_outside_and_partial_material_overlap[12.0-selected0-True-True-disjoint]" time="0.178" /><testcase classname="tests.unit.kicad.test_antenna_cutout" name="test_tenth_unit_inside_equality_outside_and_partial_material_overlap[11.0-selected1-True-False-boundary_touch]" time="0.144" /><testcase classname="tests.unit.kicad.test_antenna_cutout" name="test_tenth_unit_inside_equality_outside_and_partial_material_overlap[11.0-selected2-False-False-interior_overlap]" time="0.112" /><testcase classname="tests.unit.kicad.test_antenna_cutout" name="test_tenth_unit_inside_equality_outside_and_partial_material_overlap[10.0-selected3-False-False-interior_overlap]" time="0.130" /><testcase classname="tests.unit.kicad.test_antenna_cutout" name="test_explicit_wrong_existing_cutout_fails_rule_without_nearest_inference" time="0.160" /><testcase classname="tests.unit.kicad.test_antenna_cutout" name="test_absent_selected_cutout_and_stale_snapshot_binding_are_rejected" time="0.033" /><testcase classname="tests.unit.kicad.test_antenna_cutout" name="test_support_cutout_touch_intrusion_outer_equality_and_overhang[compound0-boundary_touch-True]" time="0.136" /><testcase classname="tests.unit.kicad.test_antenna_cutout" name="test_support_cutout_touch_intrusion_outer_equality_and_overhang[compound1-interior_overlap-True]" time="0.142" /><testcase classname="tests.unit.kicad.test_antenna_cutout" name="test_support_cutout_touch_intrusion_outer_equality_and_overhang[compound2-disjoint-True]" time="0.137" /><testcase classname="tests.unit.kicad.test_antenna_cutout" name="test_support_cutout_touch_intrusion_outer_equality_and_overhang[compound3-disjoint-False]" time="0.135" /><testcase classname="tests.unit.kicad.test_antenna_cutout" name="test_support_intrusion_into_nonselected_cutout_fails_independently" time="0.133" /><testcase classname="tests.unit.kicad.test_antenna_cutout" name="test_concave_outer_and_multiple_cutouts_are_reconstructed_exactly" time="0.141" /><testcase classname="tests.unit.kicad.test_antenna_cutout" name="test_arbitrary_angle_makes_cutout_and_support_rules_independently_unverified" time="0.334" /><testcase classname="tests.unit.kicad.test_antenna_cutout" name="test_wrong_strategy_module_source_and_support_bindings_fail" time="0.042" /><testcase classname="tests.unit.kicad.test_antenna_cutout" name="test_missing_duplicate_required_support_and_provenance_identities_fail" time="0.028" /><testcase classname="tests.unit.kicad.test_antenna_cutout" name="test_no_component_or_source_approved_exception_input_exists" time="0.001" /><testcase classname="tests.unit.kicad.test_antenna_cutout" name="test_replay_rejects_cutout_material_transform_evidence_finding_and_message_tamper" time="0.378" /><testcase classname="tests.unit.kicad.test_antenna_cutout" name="test_support_reversal_repeat_and_json_are_deterministic" time="0.647" /><testcase classname="tests.unit.kicad.test_antenna_edge" name="test_exact_front_back_quarter_turn_overhang_and_support_pass[0.0-False-anchor0]" time="0.086" /><testcase classname="tests.unit.kicad.test_antenna_edge" name="test_exact_front_back_quarter_turn_overhang_and_support_pass[90.0-False-anchor1]" time="0.069" /><testcase classname="tests.unit.kicad.test_antenna_edge" name="test_exact_front_back_quarter_turn_overhang_and_support_pass[180.0-False-anchor2]" time="0.087" /><testcase classname="tests.unit.kicad.test_antenna_edge" name="test_exact_front_back_quarter_turn_overhang_and_support_pass[270.0-False-anchor3]" time="0.067" /><testcase classname="tests.unit.kicad.test_antenna_edge" name="test_exact_front_back_quarter_turn_overhang_and_support_pass[0.0-True-anchor4]" time="0.082" /><testcase classname="tests.unit.kicad.test_antenna_edge" name="test_exact_front_back_quarter_turn_overhang_and_support_pass[90.0-True-anchor5]" time="0.081" /><testcase classname="tests.unit.kicad.test_antenna_edge" name="test_exact_front_back_quarter_turn_overhang_and_support_pass[180.0-True-anchor6]" time="0.081" /><testcase classname="tests.unit.kicad.test_antenna_edge" name="test_exact_front_back_quarter_turn_overhang_and_support_pass[270.0-True-anchor7]" time="0.058" /><testcase classname="tests.unit.kicad.test_antenna_edge" name="test_antenna_partial_overlap_and_boundary_touch_fail_with_support_passing[anchor0-interior_overlap]" time="0.049" /><testcase classname="tests.unit.kicad.test_antenna_edge" name="test_antenna_partial_overlap_and_boundary_touch_fail_with_support_passing[anchor1-boundary_touch]" time="0.072" /><testcase classname="tests.unit.kicad.test_antenna_edge" name="test_support_external_overhang_cutout_intrusion_and_touch_fail_independently[compound0-None]" time="0.076" /><testcase classname="tests.unit.kicad.test_antenna_edge" name="test_support_external_overhang_cutout_intrusion_and_touch_fail_independently[compound1-interior_overlap]" time="0.072" /><testcase classname="tests.unit.kicad.test_antenna_edge" name="test_support_external_overhang_cutout_intrusion_and_touch_fail_independently[compound2-boundary_touch]" time="0.077" /><testcase classname="tests.unit.kicad.test_antenna_edge" name="test_arbitrary_angle_makes_both_hard_rules_unverified" time="0.274" /><testcase classname="tests.unit.kicad.test_antenna_edge" name="test_concave_outline_and_cutout_build_exact_board_material" time="0.069" /><testcase classname="tests.unit.kicad.test_antenna_edge" name="test_wrong_strategy_module_binding_and_source_identity_fail" time="0.033" /><testcase classname="tests.unit.kicad.test_antenna_edge" name="test_wrong_antenna_or_support_binding_fingerprint_fails" time="0.008" /><testcase classname="tests.unit.kicad.test_antenna_edge" name="test_missing_duplicate_required_support_and_provenance_fail" time="0.018" /><testcase classname="tests.unit.kicad.test_antenna_edge" name="test_no_component_reference_exemption_input_exists" time="0.000" /><testcase classname="tests.unit.kicad.test_antenna_edge" name="test_replay_rejects_material_snapshot_evidence_finding_message_and_fingerprint_tamper" time="0.175" /><testcase classname="tests.unit.kicad.test_antenna_edge" name="test_support_reversal_repeat_and_json_are_deterministic" time="0.284" /><testcase classname="tests.unit.kicad.test_antenna_enclosure" name="test_front_back_quarter_turns_are_exact_and_reflect_z[False-0.0]" time="0.041" /><testcase classname="tests.unit.kicad.test_antenna_enclosure" name="test_front_back_quarter_turns_are_exact_and_reflect_z[False-90.0]" time="0.040" /><testcase classname="tests.unit.kicad.test_antenna_enclosure" name="test_front_back_quarter_turns_are_exact_and_reflect_z[False-180.0]" time="0.041" /><testcase classname="tests.unit.kicad.test_antenna_enclosure" name="test_front_back_quarter_turns_are_exact_and_reflect_z[False-270.0]" time="0.034" /><testcase classname="tests.unit.kicad.test_antenna_enclosure" name="test_front_back_quarter_turns_are_exact_and_reflect_z[True-0.0]" time="0.046" /><testcase classname="tests.unit.kicad.test_antenna_enclosure" name="test_front_back_quarter_turns_are_exact_and_reflect_z[True-90.0]" time="0.051" /><testcase classname="tests.unit.kicad.test_antenna_enclosure" name="test_front_back_quarter_turns_are_exact_and_reflect_z[True-180.0]" time="0.049" /><testcase classname="tests.unit.kicad.test_antenna_enclosure" name="test_front_back_quarter_turns_are_exact_and_reflect_z[True-270.0]" time="0.053" /><testcase classname="tests.unit.kicad.test_antenna_enclosure" name="test_exact_15mm_equality_passes_and_14_9_fails[16.0-pass-squared0]" time="0.057" /><testcase classname="tests.unit.kicad.test_antenna_enclosure" name="test_exact_15mm_equality_passes_and_14_9_fails[15.9-fail-squared1]" time="0.056" /><testcase classname="tests.unit.kicad.test_antenna_enclosure" name="test_xy_z_and_combined_exact_3d_distance[xy0-z0-xy_squared0-z_separation0]" time="0.058" /><testcase classname="tests.unit.kicad.test_antenna_enclosure" name="test_xy_z_and_combined_exact_3d_distance[xy1-z1-xy_squared1-z_separation1]" time="0.049" /><testcase classname="tests.unit.kicad.test_antenna_enclosure" name="test_xy_z_and_combined_exact_3d_distance[xy2-z2-xy_squared2-z_separation2]" time="0.052" /><testcase classname="tests.unit.kicad.test_antenna_enclosure" name="test_overlap_and_touch_fail_positive_clearance" time="0.073" /><testcase classname="tests.unit.kicad.test_antenna_enclosure" name="test_prohibited_and_nonprohibited_materials_are_independent" time="0.038" /><testcase classname="tests.unit.kicad.test_antenna_enclosure" name="test_missing_profile_object_geometry_and_incomplete_inventory_are_pending" time="0.126" /><testcase classname="tests.unit.kicad.test_antenna_enclosure" name="test_arbitrary_angle_is_validation_pending_not_exact_failure" time="0.309" /><testcase classname="tests.unit.kicad.test_antenna_enclosure" name="test_3d_evaluation_retains_2d_pcb_geometry_byte_and_value_identically" time="0.045" /><testcase classname="tests.unit.kicad.test_antenna_enclosure" name="test_complete_profile_rejects_missing_invented_duplicate_and_stale_objects" time="0.001" /><testcase classname="tests.unit.kicad.test_antenna_enclosure" name="test_wrong_antenna_module_source_binding_is_rejected[antenna_id]" time="0.017" /><testcase classname="tests.unit.kicad.test_antenna_enclosure" name="test_wrong_antenna_module_source_binding_is_rejected[module_reference]" time="0.016" /><testcase classname="tests.unit.kicad.test_antenna_enclosure" name="test_wrong_antenna_module_source_binding_is_rejected[selected_footprint_library_id]" time="0.017" /><testcase classname="tests.unit.kicad.test_antenna_enclosure" name="test_wrong_antenna_module_source_binding_is_rejected[component_uuid_path]" time="0.017" /><testcase classname="tests.unit.kicad.test_antenna_enclosure" name="test_wrong_antenna_module_source_binding_is_rejected[component_revision]" time="0.015" /><testcase classname="tests.unit.kicad.test_antenna_enclosure" name="test_wrong_antenna_module_source_binding_is_rejected[source_file_sha256]" time="0.017" /><testcase classname="tests.unit.kicad.test_antenna_enclosure" name="test_wrong_antenna_module_source_binding_is_rejected[antenna_declaration_fingerprint]" time="0.017" /><testcase classname="tests.unit.kicad.test_antenna_enclosure" name="test_wrong_antenna_module_source_binding_is_rejected[exclusion_requirement_id]" time="0.017" /><testcase classname="tests.unit.kicad.test_antenna_enclosure" name="test_changed_clearance_unit_geometry_or_binding_is_rejected" time="0.030" /><testcase classname="tests.unit.kicad.test_antenna_enclosure" name="test_stale_profile_revision_model_hash_and_profile_id_are_rejected" time="0.034" /><testcase classname="tests.unit.kicad.test_antenna_enclosure" name="test_json_replay_and_result_message_fingerprint_tamper_rejected" time="0.149" /><testcase classname="tests.unit.kicad.test_antenna_rf_validation" name="test_missing_campaign_is_validation_pending_and_geometry_is_unchanged" time="0.105" /><testcase classname="tests.unit.kicad.test_antenna_rf_validation" name="test_exact_matching_campaign_and_threshold_equality_pass" time="0.128" /><testcase classname="tests.unit.kicad.test_antenna_rf_validation" name="test_one_metric_failure_causes_validation_failure" time="0.133" /><testcase classname="tests.unit.kicad.test_antenna_rf_validation" name="test_stale_upstream_requirement_context_is_rejected[antenna_id-wrong]" time="0.070" /><testcase classname="tests.unit.kicad.test_antenna_rf_validation" name="test_stale_upstream_requirement_context_is_rejected[module_reference-wrong]" time="0.073" /><testcase classname="tests.unit.kicad.test_antenna_rf_validation" name="test_stale_upstream_requirement_context_is_rejected[selected_footprint_library_id-wrong]" time="0.076" /><testcase classname="tests.unit.kicad.test_antenna_rf_validation" name="test_stale_upstream_requirement_context_is_rejected[component_uuid_path-wrong]" time="0.080" /><testcase classname="tests.unit.kicad.test_antenna_rf_validation" name="test_stale_upstream_requirement_context_is_rejected[component_revision-wrong]" time="0.072" /><testcase classname="tests.unit.kicad.test_antenna_rf_validation" name="test_stale_upstream_requirement_context_is_rejected[module_source_sha256-4444444444444444444444444444444444444444444444444444444444444444]" time="0.067" /><testcase classname="tests.unit.kicad.test_antenna_rf_validation" name="test_stale_upstream_requirement_context_is_rejected[placement_result_fingerprint-4444444444444444444444444444444444444444444444444444444444444444]" time="0.077" /><testcase classname="tests.unit.kicad.test_antenna_rf_validation" name="test_stale_upstream_requirement_context_is_rejected[anchor_x_mm-value7]" time="0.074" /><testcase classname="tests.unit.kicad.test_antenna_rf_validation" name="test_stale_upstream_requirement_context_is_rejected[anchor_y_mm-value8]" time="0.065" /><testcase classname="tests.unit.kicad.test_antenna_rf_validation" name="test_stale_upstream_requirement_context_is_rejected[side-back]" time="0.062" /><testcase classname="tests.unit.kicad.test_antenna_rf_validation" name="test_stale_upstream_requirement_context_is_rejected[rotation_deg-value10]" time="0.076" /><testcase classname="tests.unit.kicad.test_antenna_rf_validation" name="test_stale_upstream_requirement_context_is_rejected[board_layout_snapshot_fingerprint-4444444444444444444444444444444444444444444444444444444444444444]" time="0.068" /><testcase classname="tests.unit.kicad.test_antenna_rf_validation" name="test_stale_upstream_requirement_context_is_rejected[enclosure_profile_id-wrong]" time="0.065" /><testcase classname="tests.unit.kicad.test_antenna_rf_validation" name="test_stale_upstream_requirement_context_is_rejected[enclosure_id-wrong]" time="0.072" /><testcase classname="tests.unit.kicad.test_antenna_rf_validation" name="test_stale_upstream_requirement_context_is_rejected[enclosure_revision-wrong]" time="0.071" /><testcase classname="tests.unit.kicad.test_antenna_rf_validation" name="test_stale_upstream_requirement_context_is_rejected[enclosure_model_sha256-4444444444444444444444444444444444444444444444444444444444444444]" time="0.074" /><testcase classname="tests.unit.kicad.test_antenna_rf_validation" name="test_campaign_must_match_every_non_upstream_condition[board_revision-wrong]" time="0.073" /><testcase classname="tests.unit.kicad.test_antenna_rf_validation" name="test_campaign_must_match_every_non_upstream_condition[board_artifact_sha256-4444444444444444444444444444444444444444444444444444444444444444]" time="0.073" /><testcase classname="tests.unit.kicad.test_antenna_rf_validation" name="test_campaign_must_match_every_non_upstream_condition[firmware_artifact_id-wrong]" time="0.067" /><testcase classname="tests.unit.kicad.test_antenna_rf_validation" name="test_campaign_must_match_every_non_upstream_condition[firmware_version-wrong]" time="0.070" /><testcase classname="tests.unit.kicad.test_antenna_rf_validation" name="test_campaign_must_match_every_non_upstream_condition[firmware_sha256-4444444444444444444444444444444444444444444444444444444444444444]" time="0.073" /><testcase classname="tests.unit.kicad.test_antenna_rf_validation" name="test_campaign_must_match_every_non_upstream_condition[radio_mode-wrong]" time="0.057" /><testcase classname="tests.unit.kicad.test_antenna_rf_validation" name="test_campaign_must_match_every_non_upstream_condition[band_id-wrong]" time="0.059" /><testcase classname="tests.unit.kicad.test_antenna_rf_validation" name="test_campaign_must_match_every_non_upstream_condition[channel_id-wrong]" time="0.072" /><testcase classname="tests.unit.kicad.test_antenna_rf_validation" name="test_campaign_must_match_every_non_upstream_condition[counterpart_id-wrong]" time="0.064" /><testcase classname="tests.unit.kicad.test_antenna_rf_validation" name="test_campaign_must_match_every_non_upstream_condition[counterpart_revision-wrong]" time="0.073" /><testcase classname="tests.unit.kicad.test_antenna_rf_validation" name="test_campaign_must_match_every_non_upstream_condition[range_id-wrong]" time="0.073" /><testcase classname="tests.unit.kicad.test_antenna_rf_validation" name="test_campaign_must_match_every_non_upstream_condition[range_revision-wrong]" time="0.057" /><testcase classname="tests.unit.kicad.test_antenna_rf_validation" name="test_campaign_must_match_every_non_upstream_condition[setup_id-wrong]" time="0.067" /><testcase classname="tests.unit.kicad.test_antenna_rf_validation" name="test_campaign_must_match_every_non_upstream_condition[setup_artifact_sha256-4444444444444444444444444444444444444444444444444444444444444444]" time="0.068" /><testcase classname="tests.unit.kicad.test_antenna_rf_validation" name="test_campaign_must_match_every_non_upstream_condition[environment_profile_id-wrong]" time="0.061" /><testcase classname="tests.unit.kicad.test_antenna_rf_validation" name="test_campaign_must_match_every_non_upstream_condition[environment_profile_sha256-4444444444444444444444444444444444444444444444444444444444444444]" time="0.075" /><testcase classname="tests.unit.kicad.test_antenna_rf_validation" name="test_stale_setup_config_profile_and_requirement_target_are_rejected" time="0.111" /><testcase classname="tests.unit.kicad.test_antenna_rf_validation" name="test_raw_hash_mismatch_and_metric_unit_mismatch_cannot_pass" time="0.069" /><testcase classname="tests.unit.kicad.test_antenna_rf_validation" name="test_incomplete_unavailable_extra_missing_and_duplicate_metrics" time="0.201" /><testcase classname="tests.unit.kicad.test_antenna_rf_validation" name="test_geometry_pending_and_fail_cannot_be_overridden_by_passing_rf_data[pending-validation_pending]" time="0.052" /><testcase classname="tests.unit.kicad.test_antenna_rf_validation" name="test_geometry_pending_and_fail_cannot_be_overridden_by_passing_rf_data[fail-fail]" time="0.083" /><testcase classname="tests.unit.kicad.test_antenna_rf_validation" name="test_json_replay_reversal_and_tamper_guards" time="0.341" /><testcase classname="tests.unit.kicad.test_antenna_rf_validation" name="test_nested_metric_evidence_rejects_identity_unit_value_and_disposition_tamper" time="0.088" /><testcase classname="tests.unit.kicad.test_antenna_semantics" name="test_orthogonal_front_and_back_transforms_are_exact[False-0.0]" time="0.006" /><testcase classname="tests.unit.kicad.test_antenna_semantics" name="test_orthogonal_front_and_back_transforms_are_exact[False-90.0]" time="0.008" /><testcase classname="tests.unit.kicad.test_antenna_semantics" name="test_orthogonal_front_and_back_transforms_are_exact[False-180.0]" time="0.007" /><testcase classname="tests.unit.kicad.test_antenna_semantics" name="test_orthogonal_front_and_back_transforms_are_exact[False-270.0]" time="0.007" /><testcase classname="tests.unit.kicad.test_antenna_semantics" name="test_orthogonal_front_and_back_transforms_are_exact[True-0.0]" time="0.008" /><testcase classname="tests.unit.kicad.test_antenna_semantics" name="test_orthogonal_front_and_back_transforms_are_exact[True-90.0]" time="0.006" /><testcase classname="tests.unit.kicad.test_antenna_semantics" name="test_orthogonal_front_and_back_transforms_are_exact[True-180.0]" time="0.009" /><testcase classname="tests.unit.kicad.test_antenna_semantics" name="test_orthogonal_front_and_back_transforms_are_exact[True-270.0]" time="0.007" /><testcase classname="tests.unit.kicad.test_antenna_semantics" name="test_arbitrary_rotations_retain_bounds_without_exact_vertex_claim[False-17.0]" time="0.071" /><testcase classname="tests.unit.kicad.test_antenna_semantics" name="test_arbitrary_rotations_retain_bounds_without_exact_vertex_claim[False-223.0]" time="0.093" /><testcase classname="tests.unit.kicad.test_antenna_semantics" name="test_arbitrary_rotations_retain_bounds_without_exact_vertex_claim[True-17.0]" time="0.089" /><testcase classname="tests.unit.kicad.test_antenna_semantics" name="test_arbitrary_rotations_retain_bounds_without_exact_vertex_claim[True-223.0]" time="0.097" /><testcase classname="tests.unit.kicad.test_antenna_semantics" name="test_back_transform_mirrors_before_rotation" time="0.011" /><testcase classname="tests.unit.kicad.test_antenna_semantics" name="test_local_point_reversal_and_keepout_input_order_are_canonical" time="0.004" /><testcase classname="tests.unit.kicad.test_antenna_semantics" name="test_stale_keepout_library_uuid_revision_or_source_fails[selected_footprint_library_id-RF_Module:Stale]" time="0.004" /><testcase classname="tests.unit.kicad.test_antenna_semantics" name="test_stale_keepout_library_uuid_revision_or_source_fails[component_uuid_path-uuid:path:stale]" time="0.004" /><testcase classname="tests.unit.kicad.test_antenna_semantics" name="test_stale_keepout_library_uuid_revision_or_source_fails[component_revision-module-revision:stale]" time="0.003" /><testcase classname="tests.unit.kicad.test_antenna_semantics" name="test_stale_keepout_library_uuid_revision_or_source_fails[source_file_sha256-bbbbbbbbbbbbbbbbbbbbbbbbbbbbbbbbbbbbbbbbbbbbbbbbbbbbbbbbbbbbbbbb]" time="0.003" /><testcase classname="tests.unit.kicad.test_antenna_semantics" name="test_generic_or_wrong_placed_identity_cannot_validate[RF_Module:Generic_Name-uuid:path:U1-module-revision:3]" time="0.003" /><testcase classname="tests.unit.kicad.test_antenna_semantics" name="test_generic_or_wrong_placed_identity_cannot_validate[RF_Module:Fixture_Antenna-uuid:wrong-module-revision:3]" time="0.003" /><testcase classname="tests.unit.kicad.test_antenna_semantics" name="test_generic_or_wrong_placed_identity_cannot_validate[RF_Module:Fixture_Antenna-uuid:path:U1-module-revision:stale]" time="0.002" /><testcase classname="tests.unit.kicad.test_antenna_semantics" name="test_wrong_source_hash_and_incomplete_applicability_fail" time="0.008" /><testcase classname="tests.unit.kicad.test_antenna_semantics" name="test_missing_or_duplicate_placement_fails[True-False]" time="0.003" /><testcase classname="tests.unit.kicad.test_antenna_semantics" name="test_missing_or_duplicate_placement_fails[False-True]" time="0.003" /><testcase classname="tests.unit.kicad.test_antenna_semantics" name="test_missing_or_duplicate_netlist_component_fails[True-False]" time="0.002" /><testcase classname="tests.unit.kicad.test_antenna_semantics" name="test_missing_or_duplicate_netlist_component_fails[False-True]" time="0.003" /><testcase classname="tests.unit.kicad.test_antenna_semantics" name="test_result_json_replays_and_transformed_geometry_tamper_fails" time="0.032" /><testcase classname="tests.unit.kicad.test_antenna_semantics" name="test_declaration_retains_keepout_layers_kinds_and_later_requirements" time="0.002" /><testcase classname="tests.unit.kicad.test_antenna_semantics" name="test_duplicate_keepout_provenance_ids_fail" time="0.006" /><testcase classname="tests.unit.kicad.test_antenna_semantics" name="test_keepout_requires_explicit_prohibited_object_rule_identity" time="0.004" /><testcase classname="tests.unit.kicad.test_assembly_retention" name="test_front_and_back_placement_alone_never_infers_double_reflow" time="0.003" /><testcase classname="tests.unit.kicad.test_assembly_retention" name="test_missing_mass_or_wetted_geometry_is_unverified[None-200]" time="0.003" /><testcase classname="tests.unit.kicad.test_assembly_retention" name="test_missing_mass_or_wetted_geometry_is_unverified[4300-None]" time="0.003" /><testcase classname="tests.unit.kicad.test_assembly_retention" name="test_missing_mass_or_wetted_geometry_is_unverified[None-None]" time="0.003" /><testcase classname="tests.unit.kicad.test_assembly_retention" name="test_body_perimeter_substitution_is_rejected_at_the_ir_boundary" time="0.001" /><testcase classname="tests.unit.kicad.test_assembly_retention" name="test_narrow_sac305_ratio_is_exact_deterministic_and_only_advisory" time="0.003" /><testcase classname="tests.unit.kicad.test_assembly_retention" name="test_each_relevant_process_or_package_change_breaks_advisory_applicability[process-surface_finish_id-finish:hasl]" time="0.003" /><testcase classname="tests.unit.kicad.test_assembly_retention" name="test_each_relevant_process_or_package_change_breaks_advisory_applicability[process-stencil_thickness_um-100]" time="0.003" /><testcase classname="tests.unit.kicad.test_assembly_retention" name="test_each_relevant_process_or_package_change_breaks_advisory_applicability[process-paste_id-paste:other]" time="0.003" /><testcase classname="tests.unit.kicad.test_assembly_retention" name="test_each_relevant_process_or_package_change_breaks_advisory_applicability[process-alloy_id-Sn63Pb37]" time="0.003" /><testcase classname="tests.unit.kicad.test_assembly_retention" name="test_each_relevant_process_or_package_change_breaks_advisory_applicability[process-peak_temperature_millic-244999]" time="0.004" /><testcase classname="tests.unit.kicad.test_assembly_retention" name="
[...]
name="tests.unit.test_placement_pose_authority" name="test_fixed_reference_cannot_move_on_any_pose_axis" time="0.001" /><testcase classname="tests.unit.test_placement_pose_authority" name="test_declared_reference_may_change_x_y_rotation_and_flip" time="0.001" /><testcase classname="tests.unit.test_placement_pose_authority" name="test_movable_references_are_unique_known_and_canonicalized" time="0.002" /><testcase classname="tests.unit.test_placement_pose_authority" name="test_json_roundtrip_replays_all_retained_evidence" time="0.002" /><testcase classname="tests.unit.test_placement_pose_authority" name="test_retained_snapshot_evidence_and_fingerprint_tampering_is_rejected[source_layout_snapshot_json]" time="0.002" /><testcase classname="tests.unit.test_placement_pose_authority" name="test_retained_snapshot_evidence_and_fingerprint_tampering_is_rejected[final_layout_snapshot_json]" time="0.001" /><testcase classname="tests.unit.test_placement_pose_authority" name="test_retained_snapshot_evidence_and_fingerprint_tampering_is_rejected[source_poses]" time="0.002" /><testcase classname="tests.unit.test_placement_pose_authority" name="test_retained_snapshot_evidence_and_fingerprint_tampering_is_rejected[final_poses]" time="0.001" /><testcase classname="tests.unit.test_placement_pose_authority" name="test_retained_snapshot_evidence_and_fingerprint_tampering_is_rejected[source_layout_fingerprint]" time="0.001" /><testcase classname="tests.unit.test_placement_pose_authority" name="test_retained_snapshot_evidence_and_fingerprint_tampering_is_rejected[final_layout_fingerprint]" time="0.001" /><testcase classname="tests.unit.test_placement_pose_authority" name="test_retained_snapshot_evidence_and_fingerprint_tampering_is_rejected[result_fingerprint]" time="0.002" /><testcase classname="tests.unit.test_placement_pose_authority" name="test_changed_movable_set_tampering_fails_replay" time="0.002" /><testcase classname="tests.unit.test_placement_pose_authority" name="test_builder_detaches_from_caller_owned_movable_reference_container" time="0.002" /><testcase classname="tests.unit.test_predesign_gate" name="test_approval_is_pending_and_bound_to_exact_inputs" time="0.018" /><testcase classname="tests.unit.test_predesign_gate" name="test_approval_rejects_drift" time="0.018" /><testcase classname="tests.unit.test_project_brief" name="test_normalization_is_repeatable_and_ready_only_when_resolved" time="0.001" /><testcase classname="tests.unit.test_project_brief" name="test_normalization_fails_closed_for_unknown_asset_reference" time="0.001" /><testcase classname="tests.unit.test_project_engineering_gate" name="test_gate_derives_applicability_consumes_real_result_and_can_be_ready" time="0.064" /><testcase classname="tests.unit.test_project_engineering_gate" name="test_applicable_result_cannot_be_silently_omitted_or_bound_to_another_board" time="0.108" /><testcase classname="tests.unit.test_project_engineering_gate" name="test_result_without_reviewed_feature_and_incomplete_inventory_fail_closed" time="0.128" /><testcase classname="tests.unit.test_project_engineering_gate" name="test_retrieved_but_uninstalled_cad_asset_remains_unverified" time="0.111" /><testcase classname="tests.unit.test_project_engineering_gate" name="test_unrevisioned_exact_part_document_remains_unverified" time="0.085" /><testcase classname="tests.unit.test_project_engineering_gate" name="test_context_and_gate_result_reject_tampering" time="0.095" /><testcase classname="tests.unit.test_project_engineering_gate" name="test_project_gate_cli_writes_the_replay_bound_completion_artifact" time="0.136" /><testcase classname="tests.unit.test_protection_coordination_ir" name="test_unresolved_path_inputs_fail_closed" time="0.001" /><testcase classname="tests.unit.test_protection_coordination_ir" name="test_bounded_path_with_required_action_and_domain_is_covered" time="0.001" /><testcase classname="tests.unit.test_protection_coordination_ir" name="test_known_path_that_exceeds_latency_limit_is_incomplete" time="0.001" /><testcase classname="tests.unit.test_references" name="test_bom_xlsx_rows_resolve_shared_strings" time="0.020" /><testcase classname="tests.unit.test_references" name="test_drill_report_rows" time="0.010" /><testcase classname="tests.unit.test_references" name="test_ingest_pack_and_save" time="0.018" /><testcase classname="tests.unit.test_references" name="test_odb_components_parse" time="0.012" /><testcase classname="tests.unit.test_revision" name="test_revision_for_authority_failure_routes_to_existing_artifacts[evidence_missing-changed_artifacts0-authority_checks0-Fetch or request the missing evidence before changing the schematic.]" time="0.001" /><testcase classname="tests.unit.test_revision" name="test_revision_for_authority_failure_routes_to_existing_artifacts[math_mismatch-changed_artifacts1-authority_checks1-Recalculate values and update the existing circuit object.]" time="0.001" /><testcase classname="tests.unit.test_revision" name="test_revision_for_authority_failure_routes_to_existing_artifacts[kicad_failed-changed_artifacts2-authority_checks2-Patch the existing KiCad schematic or symbol mapping.]" time="0.001" /><testcase classname="tests.unit.test_revision" name="test_revision_for_authority_failure_routes_to_existing_artifacts[simulation_failed-changed_artifacts3-authority_checks3-Patch the simulation setup or circuit values and rerun ngspice.]" time="0.001" /><testcase classname="tests.unit.test_revision" name="test_revision_for_authority_failure_routes_to_existing_artifacts[reconciliation_failed-changed_artifacts4-authority_checks4-Patch the mismatched translation layer.]" time="0.000" /><testcase classname="tests.unit.test_revision" name="test_revision_loop_stops_after_repeated_same_failure" time="0.000" /><testcase classname="tests.unit.test_revision" name="test_revision_loop_accepts_list_style_history" time="0.000" /><testcase classname="tests.unit.test_revision" name="test_revision_loop_rejects_non_positive_limit" time="0.001" /><testcase classname="tests.unit.test_revision" name="test_revision_for_unknown_failure_code_fails_closed" time="0.001" /><testcase classname="tests.unit.test_revision_plan" name="test_localized_blocker_produces_patch_decision" time="0.000" /><testcase classname="tests.unit.test_revision_plan" name="test_global_finding_forces_redo_at_board_stage" time="0.000" /><testcase classname="tests.unit.test_revision_plan" name="test_majority_touched_components_force_redo" time="0.000" /><testcase classname="tests.unit.test_revision_plan" name="test_repeated_failure_code_escalates" time="0.000" /><testcase classname="tests.unit.test_revision_plan" name="test_clean_bundle_produces_clean_decision" time="0.001" /><testcase classname="tests.unit.test_revision_plan" name="test_human_blocker_comment_produces_patch" time="0.001" /><testcase classname="tests.unit.test_revision_plan" name="test_human_global_comment_forces_redo" time="0.001" /><testcase classname="tests.unit.test_routing_ir" name="test_negative_fixed_budgets_are_rejected[max_passes]" time="0.001" /><testcase classname="tests.unit.test_routing_ir" name="test_negative_fixed_budgets_are_rejected[max_expansions]" time="0.001" /><testcase classname="tests.unit.test_routing_ir" name="test_negative_fixed_budgets_are_rejected[max_expansions_per_net]" time="0.000" /><testcase classname="tests.unit.test_routing_ir" name="test_negative_fixed_budgets_are_rejected[max_stagnant_passes]" time="0.001" /><testcase classname="tests.unit.test_routing_ir" name="test_negative_fixed_budgets_are_rejected[max_exact_check_rejections]" time="0.000" /><testcase classname="tests.unit.test_routing_ir" name="test_negative_net_telemetry_is_rejected[pass_index--1]" time="0.001" /><testcase classname="tests.unit.test_routing_ir" name="test_negative_net_telemetry_is_rejected[attempt_index--1]" time="0.001" /><testcase classname="tests.unit.test_routing_ir" name="test_negative_net_telemetry_is_rejected[expansion_count--1]" time="0.001" /><testcase classname="tests.unit.test_routing_ir" name="test_negative_net_telemetry_is_rejected[segment_count--1]" time="0.000" /><testcase classname="tests.unit.test_routing_ir" name="test_negative_net_telemetry_is_rejected[via_count--1]" time="0.001" /><testcase classname="tests.unit.test_routing_ir" name="test_negative_net_telemetry_is_rejected[length_mm--0.1]" time="0.001" /><testcase classname="tests.unit.test_routing_ir" name="test_resource_overuse_must_match_capacity_accounting" time="0.001" /><testcase classname="tests.unit.test_routing_ir" name="test_net_attempt_outcome_and_exact_check_are_typed" time="0.001" /><testcase classname="tests.unit.test_routing_ir" name="test_pass_summaries_must_match_per_net_telemetry" time="0.001" /><testcase classname="tests.unit.test_routing_ir" name="test_exactly_checked_success_is_zero_overuse_acceptance" time="0.001" /><testcase classname="tests.unit.test_routing_ir" name="test_algorithmic_success_without_exact_check_is_not_accepted" time="0.000" /><testcase classname="tests.unit.test_routing_ir" name="test_algorithmic_success_rejected_by_exact_check_is_not_accepted" time="0.001" /><testcase classname="tests.unit.test_routing_ir" name="test_exact_acceptance_requires_algorithmic_success" time="0.001" /><testcase classname="tests.unit.test_routing_ir" name="test_exact_check_rejection_reason_requires_rejected_status" time="0.001" /><testcase classname="tests.unit.test_routing_ir" name="test_rejected_exact_check_has_coherent_run_status" time="0.001" /><testcase classname="tests.unit.test_routing_ir" name="test_success_rejects_unresolved_nets" time="0.001" /><testcase classname="tests.unit.test_routing_ir" name="test_success_rejects_remaining_overuse" time="0.001" /><testcase classname="tests.unit.test_routing_ir" name="test_failed_run_requires_typed_reason" time="0.000" /><testcase classname="tests.unit.test_routing_ir" name="test_overuse_remaining_requires_positive_overuse" time="0.000" /><testcase classname="tests.unit.test_routing_ir" name="test_run_rejects_work_beyond_fixed_budgets" time="0.001" /><testcase classname="tests.unit.test_routing_ir" name="test_schema_round_trip_and_fingerprint_are_stable" time="0.001" /><testcase classname="tests.unit.test_routing_ir" name="test_fingerprint_changes_with_routing_semantics" time="0.001" /><testcase classname="tests.unit.test_routing_ir" name="test_failure_reason_values_are_stable_adapter_tokens" time="0.000" /><testcase classname="tests.unit.test_routing_ir" name="test_ir_models_are_frozen" time="0.001" /><testcase classname="tests.unit.test_routing_ir" name="test_resource_net_names_are_canonical_set_like_semantics" time="0.001" /><testcase classname="tests.unit.test_routing_ir" name="test_pass_unresolved_names_are_canonical_set_like_semantics" time="0.001" /><testcase classname="tests.unit.test_routing_ir" name="test_pass_resource_overuse_is_canonical_set_like_semantics" time="0.001" /><testcase classname="tests.unit.test_routing_ir" name="test_run_unresolved_names_are_canonical_set_like_semantics" time="0.001" /><testcase classname="tests.unit.test_routing_ir" name="test_run_resource_overuse_is_canonical_set_like_semantics" time="0.001" /><testcase classname="tests.unit.test_routing_ir" name="test_set_like_duplicates_are_rejected_before_canonicalization" time="0.001" /><testcase classname="tests.unit.test_routing_ir" name="test_route_order_remains_semantic_order" time="0.001" /><testcase classname="tests.unit.test_routing_ir" name="test_net_telemetry_attempt_order_remains_semantic_order" time="0.001" /><testcase classname="tests.unit.test_routing_ir" name="test_pass_sequence_remains_semantic_order" time="0.001" /><testcase classname="tests.unit.test_routing_ir" name="test_final_pass_and_run_match_after_independent_canonicalization" time="0.001" /><testcase classname="tests.unit.test_rule_models" name="test_advisory_may_retain_conditional_unpinned_evidence" time="0.001" /><testcase classname="tests.unit.test_rule_models" name="test_blocker_rejects_open_evidence_gates[source0-applicability0-pinned source]" time="0.001" /><testcase classname="tests.unit.test_rule_models" name="test_blocker_rejects_open_evidence_gates[source1-applicability1-verified source locator]" time="0.001" /><testcase classname="tests.unit.test_rule_models" name="test_blocker_rejects_open_evidence_gates[source2-applicability2-confirmed applicability]" time="0.001" /><testcase classname="tests.unit.test_rule_models" name="test_pinned_rule_rejects_invalid_sha256" time="0.000" /><testcase classname="tests.unit.test_rule_models" name="test_tested_implementation_requires_named_fixture" time="0.000" /><testcase classname="tests.unit.test_rule_models" name="test_semantic_hash_ignores_implementation_progress" time="0.001" /><testcase classname="tests.unit.test_rule_models" name="test_semantic_hash_changes_with_policy" time="0.001" /><testcase classname="tests.unit.test_semantic_integration_ir" name="test_empty_declarations_preserve_lossless_probe_and_existing_rank_key" time="0.013" /><testcase classname="tests.unit.test_semantic_integration_ir" name="test_hard_and_process_failures_precede_hpwl_and_advisory_terms" time="0.032" /><testcase classname="tests.unit.test_semantic_integration_ir" name="test_placement_cannot_claim_routed_success_and_record_order_is_set_like" time="0.024" /><testcase classname="tests.unit.test_semantic_integration_ir" name="test_r2_success_exact_acceptance_and_routed_semantic_failure_coexist" time="0.019" /><testcase classname="tests.unit.test_semantic_integration_ir" name="test_validation_pending_is_distinct_and_advisory_never_blocks" time="0.017" /><testcase classname="tests.unit.test_semantic_integration_ir" name="test_ordered_declarations_and_all_replay_bindings_reject_tamper" time="0.039" /><testcase classname="tests.unit.test_semantic_ir" name="test_authority_classes_are_not_substitutable" time="0.008" /><testcase classname="tests.unit.test_semantic_ir" name="test_advisory_cannot_fail_and_unsupported_cannot_pass_or_fail" time="0.001" /><testcase classname="tests.unit.test_semantic_ir" name="test_qualified_findings_require_process_identity" time="0.001" /><testcase classname="tests.unit.test_semantic_ir" name="test_incomplete_qualified_process_record_is_rejected[assembler_id]" time="0.001" /><testcase classname="tests.unit.test_semantic_ir" name="test_incomplete_qualified_process_record_is_rejected[process_revision]" time="0.001" /><testcase classname="tests.unit.test_semantic_ir" name="test_incomplete_qualified_process_record_is_rejected[qualification_record_id]" time="0.001" /><testcase classname="tests.unit.test_semantic_ir" name="test_incomplete_qualified_process_record_is_rejected[qualification_source_sha256]" time="0.001" /><testcase classname="tests.unit.test_semantic_ir" name="test_incomplete_qualified_process_record_is_rejected[applicability_binding_ids]" time="0.001" /><testcase classname="tests.unit.test_semantic_ir" name="test_incomplete_qualified_process_record_is_rejected[covered_conditions]" time="0.001" /><testcase classname="tests.unit.test_semantic_ir" name="test_incomplete_qualified_process_record_is_rejected[effective_date]" time="0.001" /><testcase classname="tests.unit.test_semantic_ir" name="test_incomplete_qualified_process_record_is_rejected[reviewer_record_id]" time="0.001" /><testcase classname="tests.unit.test_semantic_ir" name="test_incomplete_qualified_process_record_is_rejected[review_identity]" time="0.001" /><testcase classname="tests.unit.test_semantic_ir" name="test_qualified_process_is_bound_to_explicit_evaluation_date[evaluation_date0]" time="0.009" /><testcase classname="tests.unit.test_semantic_ir" name="test_qualified_process_is_bound_to_explicit_evaluation_date[evaluation_date1]" time="0.008" /><testcase classname="tests.unit.test_semantic_ir" name="test_semantic_region_geometry_metadata_is_coherent" time="0.004" /><testcase classname="tests.unit.test_semantic_ir" name="test_number_requires_unit_evidence_and_finite_value" time="0.001" /><testcase classname="tests.unit.test_semantic_ir" name="test_set_like_construction_is_canonical_but_ordered_fields_are_semantic" time="0.003" /><testcase classname="tests.unit.test_semantic_ir" name="test_profile_and_context_fingerprint_changes_are_scoped" time="0.026" /><testcase classname="tests.unit.test_semantic_ir" name="test_finding_identity_excludes_wording_but_includes_semantics" time="0.001" /><testcase classname="tests.unit.test_semantic_ir" name="test_aggregate_models_revalidate_forged_nested_values" time="0.003" /><testcase classname="tests.unit.test_semantic_ir" name="test_result_revalidates_nested_model_copy_payloads" time="0.010" /><testcase classname="tests.unit.test_semantic_ir" name="test_result_outcomes_keep_route_and_release_authority_separate" time="0.007" /><testcase classname="tests.unit.test_surge_clamp_ir" name="test_fully_bounded_clamp_can_be_coordinated" time="0.001" /><testcase classname="tests.unit.test_surge_clamp_ir" name="test_unresolved_event_current_and_energy_fail_closed" time="0.001" /><testcase classname="tests.unit.test_surge_clamp_ir" name="test_known_repetitive_event_is_not_released_by_nonrepetitive_rating" time="0.001" /><testcase classname="tests.unit.test_workflow_authority" name="test_workflow_state_machine_requires_every_ordered_stage" time="0.002" /><testcase classname="tests.unit.test_workflow_authority" name="test_incomplete_state_requires_reason_and_checkpoint_to_resume" time="0.001" /><testcase classname="tests.unit.test_workflow_authority" name="test_failed_state_is_terminal" time="0.001" /><testcase classname="tests.unit.test_workflow_authority" name="test_board_identity_change_invalidates_every_downstream_identity" time="0.001" /><testcase classname="tests.unit.test_workflow_authority" name="test_stale_downstream_identity_is_rejected_if_caller_bypasses_invalidation" time="0.001" /><testcase classname="tests.unit.test_workflow_authority" name="test_project_context_requires_every_category_exactly_once" time="0.001" /><testcase classname="tests.unit.test_workflow_authority" name="test_unresolved_context_prevents_rule_authorization" time="0.002" /><testcase classname="tests.unit.test_workflow_authority" name="test_external_provider_unavailability_never_authorizes_a_substitute" time="0.003" /><testcase classname="tests.unit.test_workflow_authority" name="test_human_decision_and_board_trigger_are_explicit" time="0.002" /><testcase classname="tests.unit.test_workflow_authority" name="test_registry_rejects_duplicate_active_semantic_authority" time="0.002" /><testcase classname="tests.unit.test_workflow_authority" name="test_deprecated_one_off_authority_cannot_satisfy_current_workflow" time="0.002" /><testcase classname="tests.unit.test_workflow_authority" name="test_capability_map_covers_phases_1_through_15_and_registered_authorities" time="0.002" /><testcase classname="tests.unit.test_workflow_authority" name="test_capability_and_registry_fingerprints_reject_tampering" time="0.001" /><testcase classname="tests.unit.test_workflow_authority" name="test_legacy_adapters_cannot_claim_unemitted_contract_identities" time="0.001" /><testcase classname="tests.unit.test_workflow_conformance" name="test_exact_artifact_and_material_properties_are_required" time="0.001" /><testcase classname="tests.unit.test_workflow_conformance" name="test_renamed_wrong_camera_population_and_stale_board_cannot_pass" time="0.001" /><testcase classname="tests.unit.test_workflow_conformance" name="test_d0_addition_never_fills_a_missing_baseline_requirement" time="0.001" /><testcase classname="tests.unit.test_workflow_conformance" name="test_d2_substitution_requires_matching_scope_and_retained_approval" time="0.001" /><testcase classname="tests.unit.test_workflow_conformance" name="test_expired_or_ai_approved_safety_waiver_is_rejected" time="0.001" /><testcase classname="tests.unit.test_workflow_conformance" name="test_valid_ordinary_d3_waiver_is_visible_in_disposition" time="0.001" /></testsuite></testsuites>